<?xml version="1.0" encoding="UTF-8"?>
<testsuite xmlns:xsi="http://www.w3.org/2001/XMLSchema-instance" xsi:noNamespaceSchemaLocation="https://maven.apache.org/surefire/maven-failsafe-plugin/xsd/failsafe-test-report-3.0.xsd" version="3.0" name="starter.CucumberTestSuite" time="4.383" tests="12" errors="0" skipped="0" failures="0">
  <properties>
    <property name="java.specification.version" value="17"/>
    <property name="sun.cpu.isalist" value="amd64"/>
    <property name="sun.jnu.encoding" value="Cp1252"/>
    <property name="java.class.path" value="D:\Maven\Project\Soal Prioritas 1 - Linkedin\target\test-classes;C:\Users\Diana Kusuma\.m2\repository\net\serenity-bdd\serenity-core\3.5.1\serenity-core-3.5.1.jar;C:\Users\Diana Kusuma\.m2\repository\net\serenity-bdd\serenity-model\3.5.1\serenity-model-3.5.1.jar;C:\Users\Diana Kusuma\.m2\repository\org\apache\commons\commons-text\1.10.0\commons-text-1.10.0.jar;C:\Users\Diana Kusuma\.m2\repository\commons-net\commons-net\3.8.0\commons-net-3.8.0.jar;C:\Users\Diana Kusuma\.m2\repository\com\google\guava\guava\31.1-jre\guava-31.1-jre.jar;C:\Users\Diana Kusuma\.m2\repository\com\google\guava\failureaccess\1.0.1\failureaccess-1.0.1.jar;C:\Users\Diana Kusuma\.m2\repository\com\google\guava\listenablefuture\9999.0-empty-to-avoid-conflict-with-guava\listenablefuture-9999.0-empty-to-avoid-conflict-with-guava.jar;C:\Users\Diana Kusuma\.m2\repository\com\google\code\findbugs\jsr305\3.0.2\jsr305-3.0.2.jar;C:\Users\Diana Kusuma\.m2\repository\org\checkerframework\checker-qual\3.12.0\checker-qual-3.12.0.jar;C:\Users\Diana Kusuma\.m2\repository\com\google\errorprone\error_prone_annotations\2.11.0\error_prone_annotations-2.11.0.jar;C:\Users\Diana Kusuma\.m2\repository\com\google\j2objc\j2objc-annotations\1.3\j2objc-annotations-1.3.jar;C:\Users\Diana Kusuma\.m2\repository\com\google\inject\guice\5.1.0\guice-5.1.0.jar;C:\Users\Diana Kusuma\.m2\repository\javax\inject\javax.inject\1\javax.inject-1.jar;C:\Users\Diana Kusuma\.m2\repository\aopalliance\aopalliance\1.0\aopalliance-1.0.jar;C:\Users\Diana Kusuma\.m2\repository\org\jsoup\jsoup\1.14.3\jsoup-1.14.3.jar;C:\Users\Diana Kusuma\.m2\repository\com\thoughtworks\xstream\xstream\1.4.19\xstream-1.4.19.jar;C:\Users\Diana Kusuma\.m2\repository\io\github\x-stream\mxparser\1.2.2\mxparser-1.2.2.jar;C:\Users\Diana Kusuma\.m2\repository\xmlpull\xmlpull\1.1.3.1\xmlpull-1.1.3.1.jar;C:\Users\Diana Kusuma\.m2\repository\com\typesafe\config\1.4.2\config-1.4.2.jar;C:\Users\Diana Kusuma\.m2\repository\org\imgscalr\imgscalr-lib\4.2\imgscalr-lib-4.2.jar;C:\Users\Diana Kusuma\.m2\repository\org\awaitility\awaitility\4.2.0\awaitility-4.2.0.jar;C:\Users\Diana Kusuma\.m2\repository\org\freemarker\freemarker\2.3.31\freemarker-2.3.31.jar;C:\Users\Diana Kusuma\.m2\repository\io\github\classgraph\classgraph\4.8.138\classgraph-4.8.138.jar;C:\Users\Diana Kusuma\.m2\repository\net\sourceforge\jexcelapi\jxl\2.6.12\jxl-2.6.12.jar;C:\Users\Diana Kusuma\.m2\repository\net\bytebuddy\byte-buddy-agent\1.12.18\byte-buddy-agent-1.12.18.jar;C:\Users\Diana Kusuma\.m2\repository\org\objenesis\objenesis\3.1\objenesis-3.1.jar;C:\Users\Diana Kusuma\.m2\repository\net\serenity-bdd\serenity-reports\3.5.1\serenity-reports-3.5.1.jar;C:\Users\Diana Kusuma\.m2\repository\net\serenity-bdd\serenity-stats\3.5.1\serenity-stats-3.5.1.jar;C:\Users\Diana Kusuma\.m2\repository\net\serenity-bdd\serenity-reports-configuration\3.5.1\serenity-reports-configuration-3.5.1.jar;C:\Users\Diana Kusuma\.m2\repository\com\vladsch\flexmark\flexmark-all\0.34.30\flexmark-all-0.34.30.jar;C:\Users\Diana Kusuma\.m2\repository\com\vladsch\flexmark\flexmark\0.34.30\flexmark-0.34.30.jar;C:\Users\Diana Kusuma\.m2\repository\com\vladsch\flexmark\flexmark-ext-abbreviation\0.34.30\flexmark-ext-abbreviation-0.34.30.jar;C:\Users\Diana Kusuma\.m2\repository\com\vladsch\flexmark\flexmark-ext-admonition\0.34.30\flexmark-ext-admonition-0.34.30.jar;C:\Users\Diana Kusuma\.m2\repository\com\vladsch\flexmark\flexmark-ext-anchorlink\0.34.30\flexmark-ext-anchorlink-0.34.30.jar;C:\Users\Diana Kusuma\.m2\repository\com\vladsch\flexmark\flexmark-ext-aside\0.34.30\flexmark-ext-aside-0.34.30.jar;C:\Users\Diana Kusuma\.m2\repository\com\vladsch\flexmark\flexmark-ext-attributes\0.34.30\flexmark-ext-attributes-0.34.30.jar;C:\Users\Diana Kusuma\.m2\repository\com\vladsch\flexmark\flexmark-ext-autolink\0.34.30\flexmark-ext-autolink-0.34.30.jar;C:\Users\Diana Kusuma\.m2\repository\org\nibor\autolink\autolink\0.6.0\autolink-0.6.0.jar;C:\Users\Diana Kusuma\.m2\repository\com\vladsch\flexmark\flexmark-ext-definition\0.34.30\flexmark-ext-definition-0.34.30.jar;C:\Users\Diana Kusuma\.m2\repository\com\vladsch\flexmark\flexmark-ext-emoji\0.34.30\flexmark-ext-emoji-0.34.30.jar;C:\Users\Diana Kusuma\.m2\repository\com\vladsch\flexmark\flexmark-ext-enumerated-reference\0.34.30\flexmark-ext-enumerated-reference-0.34.30.jar;C:\Users\Diana Kusuma\.m2\repository\com\vladsch\flexmark\flexmark-ext-escaped-character\0.34.30\flexmark-ext-escaped-character-0.34.30.jar;C:\Users\Diana Kusuma\.m2\repository\com\vladsch\flexmark\flexmark-ext-footnotes\0.34.30\flexmark-ext-footnotes-0.34.30.jar;C:\Users\Diana Kusuma\.m2\repository\com\vladsch\flexmark\flexmark-ext-gfm-issues\0.34.30\flexmark-ext-gfm-issues-0.34.30.jar;C:\Users\Diana Kusuma\.m2\repository\com\vladsch\flexmark\flexmark-ext-gfm-strikethrough\0.34.30\flexmark-ext-gfm-strikethrough-0.34.30.jar;C:\Users\Diana Kusuma\.m2\repository\com\vladsch\flexmark\flexmark-ext-gfm-tables\0.34.30\flexmark-ext-gfm-tables-0.34.30.jar;C:\Users\Diana Kusuma\.m2\repository\com\vladsch\flexmark\flexmark-ext-gfm-tasklist\0.34.30\flexmark-ext-gfm-tasklist-0.34.30.jar;C:\Users\Diana Kusuma\.m2\repository\com\vladsch\flexmark\flexmark-ext-gfm-users\0.34.30\flexmark-ext-gfm-users-0.34.30.jar;C:\Users\Diana Kusuma\.m2\repository\com\vladsch\flexmark\flexmark-ext-gitlab\0.34.30\flexmark-ext-gitlab-0.34.30.jar;C:\Users\Diana Kusuma\.m2\repository\com\vladsch\flexmark\flexmark-ext-jekyll-front-matter\0.34.30\flexmark-ext-jekyll-front-matter-0.34.30.jar;C:\Users\Diana Kusuma\.m2\repository\com\vladsch\flexmark\flexmark-ext-jekyll-tag\0.34.30\flexmark-ext-jekyll-tag-0.34.30.jar;C:\Users\Diana Kusuma\.m2\repository\com\vladsch\flexmark\flexmark-ext-media-tags\0.34.30\flexmark-ext-media-tags-0.34.30.jar;C:\Users\Diana Kusuma\.m2\repository\com\vladsch\flexmark\flexmark-test-util\0.34.30\flexmark-test-util-0.34.30.jar;C:\Users\Diana Kusuma\.m2\repository\com\vladsch\flexmark\flexmark-ext-ins\0.34.30\flexmark-ext-ins-0.34.30.jar;C:\Users\Diana Kusuma\.m2\repository\com\vladsch\flexmark\flexmark-ext-xwiki-macros\0.34.30\flexmark-ext-xwiki-macros-0.34.30.jar;C:\Users\Diana Kusuma\.m2\repository\com\vladsch\flexmark\flexmark-ext-superscript\0.34.30\flexmark-ext-superscript-0.34.30.jar;C:\Users\Diana Kusuma\.m2\repository\com\vladsch\flexmark\flexmark-ext-tables\0.34.30\flexmark-ext-tables-0.34.30.jar;C:\Users\Diana Kusuma\.m2\repository\com\vladsch\flexmark\flexmark-ext-toc\0.34.30\flexmark-ext-toc-0.34.30.jar;C:\Users\Diana Kusuma\.m2\repository\com\vladsch\flexmark\flexmark-ext-typographic\0.34.30\flexmark-ext-typographic-0.34.30.jar;C:\Users\Diana Kusuma\.m2\repository\com\vladsch\flexmark\flexmark-ext-wikilink\0.34.30\flexmark-ext-wikilink-0.34.30.jar;C:\Users\Diana Kusuma\.m2\repository\com\vladsch\flexmark\flexmark-ext-yaml-front-matter\0.34.30\flexmark-ext-yaml-front-matter-0.34.30.jar;C:\Users\Diana Kusuma\.m2\repository\com\vladsch\flexmark\flexmark-ext-youtube-embedded\0.34.30\flexmark-ext-youtube-embedded-0.34.30.jar;C:\Users\Diana Kusuma\.m2\repository\com\vladsch\flexmark\flexmark-formatter\0.34.30\flexmark-formatter-0.34.30.jar;C:\Users\Diana Kusuma\.m2\repository\com\vladsch\flexmark\flexmark-html-parser\0.34.30\flexmark-html-parser-0.34.30.jar;C:\Users\Diana Kusuma\.m2\repository\com\vladsch\flexmark\flexmark-jira-converter\0.34.30\flexmark-jira-converter-0.34.30.jar;C:\Users\Diana Kusuma\.m2\repository\com\vladsch\flexmark\flexmark-pdf-converter\0.34.30\flexmark-pdf-converter-0.34.30.jar;C:\Users\Diana Kusuma\.m2\repository\com\openhtmltopdf\openhtmltopdf-core\0.0.1-RC13\openhtmltopdf-core-0.0.1-RC13.jar;C:\Users\Diana Kusuma\.m2\repository\com\openhtmltopdf\openhtmltopdf-pdfbox\0.0.1-RC13\openhtmltopdf-pdfbox-0.0.1-RC13.jar;C:\Users\Diana Kusuma\.m2\repository\org\apache\pdfbox\pdfbox\2.0.8\pdfbox-2.0.8.jar;C:\Users\Diana Kusuma\.m2\repository\org\apache\pdfbox\fontbox\2.0.8\fontbox-2.0.8.jar;C:\Users\Diana Kusuma\.m2\repository\org\apache\pdfbox\xmpbox\2.0.8\xmpbox-2.0.8.jar;C:\Users\Diana Kusuma\.m2\repository\de\rototor\pdfbox\graphics2d\0.12\graphics2d-0.12.jar;C:\Users\Diana Kusuma\.m2\repository\com\openhtmltopdf\openhtmltopdf-rtl-support\0.0.1-RC13\openhtmltopdf-rtl-support-0.0.1-RC13.jar;C:\Users\Diana Kusuma\.m2\repository\com\ibm\icu\icu4j\59.1\icu4j-59.1.jar;C:\Users\Diana Kusuma\.m2\repository\com\openhtmltopdf\openhtmltopdf-jsoup-dom-converter\0.0.1-RC13\openhtmltopdf-jsoup-dom-converter-0.0.1-RC13.jar;C:\Users\Diana Kusuma\.m2\repository\com\vladsch\flexmark\flexmark-profile-pegdown\0.34.30\flexmark-profile-pegdown-0.34.30.jar;C:\Users\Diana Kusuma\.m2\repository\com\vladsch\flexmark\flexmark-util\0.34.30\flexmark-util-0.34.30.jar;C:\Users\Diana Kusuma\.m2\repository\com\vladsch\flexmark\flexmark-youtrack-converter\0.34.30\flexmark-youtrack-converter-0.34.30.jar;C:\Users\Diana Kusuma\.m2\repository\es\nitaur\markdown\txtmark\0.16\txtmark-0.16.jar;C:\Users\Diana Kusuma\.m2\repository\net\serenity-bdd\serenity-report-resources\3.5.1\serenity-report-resources-3.5.1.jar;C:\Users\Diana Kusuma\.m2\repository\com\google\code\gson\gson\2.9.0\gson-2.9.0.jar;C:\Users\Diana Kusuma\.m2\repository\com\fasterxml\jackson\core\jackson-core\2.13.4\jackson-core-2.13.4.jar;C:\Users\Diana Kusuma\.m2\repository\com\fasterxml\jackson\core\jackson-databind\2.13.4\jackson-databind-2.13.4.jar;C:\Users\Diana Kusuma\.m2\repository\com\fasterxml\jackson\core\jackson-annotations\2.13.4\jackson-annotations-2.13.4.jar;C:\Users\Diana Kusuma\.m2\repository\commons-codec\commons-codec\1.15\commons-codec-1.15.jar;C:\Users\Diana Kusuma\.m2\repository\commons-io\commons-io\2.11.0\commons-io-2.11.0.jar;C:\Users\Diana Kusuma\.m2\repository\org\apache\httpcomponents\httpclient\4.5.13\httpclient-4.5.13.jar;C:\Users\Diana Kusuma\.m2\repository\org\apache\httpcomponents\httpcore\4.4.13\httpcore-4.4.13.jar;C:\Users\Diana Kusuma\.m2\repository\commons-logging\commons-logging\1.2\commons-logging-1.2.jar;C:\Users\Diana Kusuma\.m2\repository\org\seleniumhq\selenium\selenium-java\4.7.1\selenium-java-4.7.1.jar;C:\Users\Diana Kusuma\.m2\repository\org\seleniumhq\selenium\selenium-devtools-v106\4.7.1\selenium-devtools-v106-4.7.1.jar;C:\Users\Diana Kusuma\.m2\repository\org\seleniumhq\selenium\selenium-devtools-v107\4.7.1\selenium-devtools-v107-4.7.1.jar;C:\Users\Diana Kusuma\.m2\repository\org\seleniumhq\selenium\selenium-devtools-v108\4.7.1\selenium-devtools-v108-4.7.1.jar;C:\Users\Diana Kusuma\.m2\repository\org\seleniumhq\selenium\selenium-devtools-v85\4.7.1\selenium-devtools-v85-4.7.1.jar;C:\Users\Diana Kusuma\.m2\repository\org\seleniumhq\selenium\selenium-remote-driver\4.7.1\selenium-remote-driver-4.7.1.jar;C:\Users\Diana Kusuma\.m2\repository\com\beust\jcommander\1.82\jcommander-1.82.jar;C:\Users\Diana Kusuma\.m2\repository\io\netty\netty-buffer\4.1.84.Final\netty-buffer-4.1.84.Final.jar;C:\Users\Diana Kusuma\.m2\repository\io\netty\netty-codec-http\4.1.84.Final\netty-codec-http-4.1.84.Final.jar;C:\Users\Diana Kusuma\.m2\repository\io\netty\netty-codec\4.1.84.Final\netty-codec-4.1.84.Final.jar;C:\Users\Diana Kusuma\.m2\repository\io\netty\netty-handler\4.1.84.Final\netty-handler-4.1.84.Final.jar;C:\Users\Diana Kusuma\.m2\repository\io\netty\netty-common\4.1.84.Final\netty-common-4.1.84.Final.jar;C:\Users\Diana Kusuma\.m2\repository\io\netty\netty-transport-classes-epoll\4.1.84.Final\netty-transport-classes-epoll-4.1.84.Final.jar;C:\Users\Diana Kusuma\.m2\repository\io\netty\netty-transport-classes-kqueue\4.1.84.Final\netty-transport-classes-kqueue-4.1.84.Final.jar;C:\Users\Diana Kusuma\.m2\repository\io\netty\netty-transport-native-epoll\4.1.84.Final\netty-transport-native-epoll-4.1.84.Final.jar;C:\Users\Diana Kusuma\.m2\repository\io\netty\netty-transport-native-kqueue\4.1.84.Final\netty-transport-native-kqueue-4.1.84.Final.jar;C:\Users\Diana Kusuma\.m2\repository\io\netty\netty-transport-native-unix-common\4.1.84.Final\netty-transport-native-unix-common-4.1.84.Final.jar;C:\Users\Diana Kusuma\.m2\repository\io\netty\netty-transport\4.1.84.Final\netty-transport-4.1.84.Final.jar;C:\Users\Diana Kusuma\.m2\repository\io\netty\netty-resolver\4.1.84.Final\netty-resolver-4.1.84.Final.jar;C:\Users\Diana Kusuma\.m2\repository\io\opentelemetry\opentelemetry-api\1.19.0\opentelemetry-api-1.19.0.jar;C:\Users\Diana Kusuma\.m2\repository\io\opentelemetry\opentelemetry-context\1.19.0\opentelemetry-context-1.19.0.jar;C:\Users\Diana Kusuma\.m2\repository\io\opentelemetry\opentelemetry-exporter-logging\1.19.0\opentelemetry-exporter-logging-1.19.0.jar;C:\Users\Diana Kusuma\.m2\repository\io\opentelemetry\opentelemetry-sdk-metrics\1.19.0\opentelemetry-sdk-metrics-1.19.0.jar;C:\Users\Diana Kusuma\.m2\repository\io\opentelemetry\opentelemetry-sdk-logs\1.19.0-alpha\opentelemetry-sdk-logs-1.19.0-alpha.jar;C:\Users\Diana Kusuma\.m2\repository\io\opentelemetry\opentelemetry-api-logs\1.19.0-alpha\opentelemetry-api-logs-1.19.0-alpha.jar;C:\Users\Diana Kusuma\.m2\repository\io\opentelemetry\opentelemetry-sdk-common\1.19.0\opentelemetry-sdk-common-1.19.0.jar;C:\Users\Diana Kusuma\.m2\repository\io\opentelemetry\opentelemetry-sdk-extension-autoconfigure-spi\1.19.0\opentelemetry-sdk-extension-autoconfigure-spi-1.19.0.jar;C:\Users\Diana Kusuma\.m2\repository\io\opentelemetry\opentelemetry-sdk-extension-autoconfigure\1.19.0-alpha\opentelemetry-sdk-extension-autoconfigure-1.19.0-alpha.jar;C:\Users\Diana Kusuma\.m2\repository\io\opentelemetry\opentelemetry-exporter-common\1.19.0\opentelemetry-exporter-common-1.19.0.jar;C:\Users\Diana Kusuma\.m2\repository\io\opentelemetry\opentelemetry-sdk-trace\1.19.0\opentelemetry-sdk-trace-1.19.0.jar;C:\Users\Diana Kusuma\.m2\repository\io\opentelemetry\opentelemetry-sdk\1.19.0\opentelemetry-sdk-1.19.0.jar;C:\Users\Diana Kusuma\.m2\repository\io\opentelemetry\opentelemetry-semconv\1.19.0-alpha\opentelemetry-semconv-1.19.0-alpha.jar;C:\Users\Diana Kusuma\.m2\repository\io\ous\jtoml\2.0.0\jtoml-2.0.0.jar;C:\Users\Diana Kusuma\.m2\repository\org\apache\commons\commons-exec\1.3\commons-exec-1.3.jar;C:\Users\Diana Kusuma\.m2\repository\org\asynchttpclient\async-http-client\2.12.3\async-http-client-2.12.3.jar;C:\Users\Diana Kusuma\.m2\repository\org\asynchttpclient\async-http-client-netty-utils\2.12.3\async-http-client-netty-utils-2.12.3.jar;C:\Users\Diana Kusuma\.m2\repository\io\netty\netty-codec-socks\4.1.60.Final\netty-codec-socks-4.1.60.Final.jar;C:\Users\Diana Kusuma\.m2\repository\io\netty\netty-handler-proxy\4.1.60.Final\netty-handler-proxy-4.1.60.Final.jar;C:\Users\Diana Kusuma\.m2\repository\io\netty\netty-transport-native-epoll\4.1.60.Final\netty-transport-native-epoll-4.1.60.Final-linux-x86_64.jar;C:\Users\Diana Kusuma\.m2\repository\io\netty\netty-transport-native-kqueue\4.1.60.Final\netty-transport-native-kqueue-4.1.60.Final-osx-x86_64.jar;C:\Users\Diana Kusuma\.m2\repository\org\reactivestreams\reactive-streams\1.0.3\reactive-streams-1.0.3.jar;C:\Users\Diana Kusuma\.m2\repository\com\typesafe\netty\netty-reactive-streams\2.0.4\netty-reactive-streams-2.0.4.jar;C:\Users\Diana Kusuma\.m2\repository\org\seleniumhq\selenium\selenium-manager\4.7.1\selenium-manager-4.7.1.jar;C:\Users\Diana Kusuma\.m2\repository\org\seleniumhq\selenium\selenium-safari-driver\4.7.1\selenium-safari-driver-4.7.1.jar;C:\Users\Diana Kusuma\.m2\repository\org\seleniumhq\selenium\selenium-api\4.7.1\selenium-api-4.7.1.jar;C:\Users\Diana Kusuma\.m2\repository\org\seleniumhq\selenium\selenium-support\4.7.1\selenium-support-4.7.1.jar;C:\Users\Diana Kusuma\.m2\repository\com\google\auto\service\auto-service-annotations\1.0.1\auto-service-annotations-1.0.1.jar;C:\Users\Diana Kusuma\.m2\repository\com\google\auto\service\auto-service\1.0.1\auto-service-1.0.1.jar;C:\Users\Diana Kusuma\.m2\repository\com\google\auto\auto-common\1.2\auto-common-1.2.jar;C:\Users\Diana Kusuma\.m2\repository\org\seleniumhq\selenium\selenium-json\4.7.1\selenium-json-4.7.1.jar;C:\Users\Diana Kusuma\.m2\repository\org\seleniumhq\selenium\selenium-chrome-driver\4.7.1\selenium-chrome-driver-4.7.1.jar;C:\Users\Diana Kusuma\.m2\repository\org\seleniumhq\selenium\selenium-chromium-driver\4.7.1\selenium-chromium-driver-4.7.1.jar;C:\Users\Diana Kusuma\.m2\repository\org\seleniumhq\selenium\selenium-firefox-driver\4.7.1\selenium-firefox-driver-4.7.1.jar;C:\Users\Diana Kusuma\.m2\repository\org\seleniumhq\selenium\selenium-http\4.7.1\selenium-http-4.7.1.jar;C:\Users\Diana Kusuma\.m2\repository\dev\failsafe\failsafe\3.3.0\failsafe-3.3.0.jar;C:\Users\Diana Kusuma\.m2\repository\org\seleniumhq\selenium\selenium-edge-driver\4.7.1\selenium-edge-driver-4.7.1.jar;C:\Users\Diana Kusuma\.m2\repository\org\seleniumhq\selenium\selenium-ie-driver\4.7.1\selenium-ie-driver-4.7.1.jar;C:\Users\Diana Kusuma\.m2\repository\org\projectlombok\lombok\1.18.20\lombok-1.18.20.jar;C:\Users\Diana Kusuma\.m2\repository\io\appium\java-client\8.3.0\java-client-8.3.0.jar;C:\Users\Diana Kusuma\.m2\repository\commons-validator\commons-validator\1.7\commons-validator-1.7.jar;C:\Users\Diana Kusuma\.m2\repository\commons-digester\commons-digester\2.1\commons-digester-2.1.jar;C:\Users\Diana Kusuma\.m2\repository\org\apache\groovy\groovy\4.0.6\groovy-4.0.6.jar;C:\Users\Diana Kusuma\.m2\repository\net\sf\opencsv\opencsv\2.0\opencsv-2.0.jar;C:\Users\Diana Kusuma\.m2\repository\commons-beanutils\commons-beanutils\1.9.4\commons-beanutils-1.9.4.jar;C:\Users\Diana Kusuma\.m2\repository\org\apache\commons\commons-lang3\3.12.0\commons-lang3-3.12.0.jar;C:\Users\Diana Kusuma\.m2\repository\commons-collections\commons-collections\3.2.2\commons-collections-3.2.2.jar;C:\Users\Diana Kusuma\.m2\repository\org\fluentlenium\fluentlenium-core\0.10.2\fluentlenium-core-0.10.2.jar;C:\Users\Diana Kusuma\.m2\repository\io\github\bonigarcia\webdrivermanager\5.3.0\webdrivermanager-5.3.0.jar;C:\Users\Diana Kusuma\.m2\repository\com\github\docker-java\docker-java\3.2.13\docker-java-3.2.13.jar;C:\Users\Diana Kusuma\.m2\repository\com\github\docker-java\docker-java-core\3.2.13\docker-java-core-3.2.13.jar;C:\Users\Diana Kusuma\.m2\repository\com\github\docker-java\docker-java-api\3.2.13\docker-java-api-3.2.13.jar;C:\Users\Diana Kusuma\.m2\repository\org\apache\commons\commons-compress\1.21\commons-compress-1.21.jar;C:\Users\Diana Kusuma\.m2\repository\org\bouncycastle\bcpkix-jdk15on\1.64\bcpkix-jdk15on-1.64.jar;C:\Users\Diana Kusuma\.m2\repository\org\bouncycastle\bcprov-jdk15on\1.64\bcprov-jdk15on-1.64.jar;C:\Users\Diana Kusuma\.m2\repository\org\slf4j\jcl-over-slf4j\1.7.30\jcl-over-slf4j-1.7.30.jar;C:\Users\Diana Kusuma\.m2\repository\com\github\docker-java\docker-java-transport-httpclient5\3.2.13\docker-java-transport-httpclient5-3.2.13.jar;C:\Users\Diana Kusuma\.m2\repository\com\github\docker-java\docker-java-transport\3.2.13\docker-java-transport-3.2.13.jar;C:\Users\Diana Kusuma\.m2\repository\net\java\dev\jna\jna\5.8.0\jna-5.8.0.jar;C:\Users\Diana Kusuma\.m2\repository\org\brotli\dec\0.1.2\dec-0.1.2.jar;C:\Users\Diana Kusuma\.m2\repository\org\apache\httpcomponents\client5\httpclient5\5.1.3\httpclient5-5.1.3.jar;C:\Users\Diana Kusuma\.m2\repository\org\apache\httpcomponents\core5\httpcore5\5.1.3\httpcore5-5.1.3.jar;C:\Users\Diana Kusuma\.m2\repository\org\apache\httpcomponents\core5\httpcore5-h2\5.1.3\httpcore5-h2-5.1.3.jar;C:\Users\Diana Kusuma\.m2\repository\com\jhlabs\filters\2.0.235\filters-2.0.235.jar;C:\Users\Diana Kusuma\.m2\repository\com\paulhammant\ngwebdriver\1.1.6\ngwebdriver-1.1.6.jar;C:\Users\Diana Kusuma\.m2\repository\joda-time\joda-time\2.8.2\joda-time-2.8.2.jar;C:\Users\Diana Kusuma\.m2\repository\org\hamcrest\hamcrest\2.2\hamcrest-2.2.jar;C:\Users\Diana Kusuma\.m2\repository\com\google\jimfs\jimfs\1.2\jimfs-1.2.jar;C:\Users\Diana Kusuma\.m2\repository\org\mockito\mockito-core\3.3.3\mockito-core-3.3.3.jar;C:\Users\Diana Kusuma\.m2\repository\javax\xml\bind\jaxb-api\2.3.1\jaxb-api-2.3.1.jar;C:\Users\Diana Kusuma\.m2\repository\javax\activation\javax.activation-api\1.2.0\javax.activation-api-1.2.0.jar;C:\Users\Diana Kusuma\.m2\repository\com\sun\xml\bind\jaxb-core\2.3.0.1\jaxb-core-2.3.0.1.jar;C:\Users\Diana Kusuma\.m2\repository\com\sun\xml\bind\jaxb-impl\2.3.3\jaxb-impl-2.3.3.jar;C:\Users\Diana Kusuma\.m2\repository\jakarta\xml\bind\jakarta.xml.bind-api\2.3.3\jakarta.xml.bind-api-2.3.3.jar;C:\Users\Diana Kusuma\.m2\repository\com\sun\activation\jakarta.activation\1.2.2\jakarta.activation-1.2.2.jar;C:\Users\Diana Kusuma\.m2\repository\javax\activation\activation\1.1.1\activation-1.1.1.jar;C:\Users\Diana Kusuma\.m2\repository\net\serenity-bdd\serenity-cucumber\3.5.1\serenity-cucumber-3.5.1.jar;C:\Users\Diana Kusuma\.m2\repository\io\cucumber\cucumber-core\7.8.1\cucumber-core-7.8.1.jar;C:\Users\Diana Kusuma\.m2\repository\io\cucumber\cucumber-gherkin\7.8.1\cucumber-gherkin-7.8.1.jar;C:\Users\Diana Kusuma\.m2\repository\io\cucumber\cucumber-gherkin-messages\7.8.1\cucumber-gherkin-messages-7.8.1.jar;C:\Users\Diana Kusuma\.m2\repository\io\cucumber\gherkin\24.0.0\gherkin-24.0.0.jar;C:\Users\Diana Kusuma\.m2\repository\io\cucumber\messages\19.1.4\messages-19.1.4.jar;C:\Users\Diana Kusuma\.m2\repository\io\cucumber\tag-expressions\4.1.0\tag-expressions-4.1.0.jar;C:\Users\Diana Kusuma\.m2\repository\io\cucumber\cucumber-expressions\16.0.0\cucumber-expressions-16.0.0.jar;C:\Users\Diana Kusuma\.m2\repository\io\cucumber\datatable\7.8.1\datatable-7.8.1.jar;C:\Users\Diana Kusuma\.m2\repository\io\cucumber\cucumber-plugin\7.8.1\cucumber-plugin-7.8.1.jar;C:\Users\Diana Kusuma\.m2\repository\io\cucumber\docstring\7.8.1\docstring-7.8.1.jar;C:\Users\Diana Kusuma\.m2\repository\io\cucumber\html-formatter\20.1.0\html-formatter-20.1.0.jar;C:\Users\Diana Kusuma\.m2\repository\io\cucumber\ci-environment\9.1.0\ci-environment-9.1.0.jar;C:\Users\Diana Kusuma\.m2\repository\io\cucumber\cucumber-java\7.8.1\cucumber-java-7.8.1.jar;C:\Users\Diana Kusuma\.m2\repository\io\cucumber\cucumber-junit\7.8.1\cucumber-junit-7.8.1.jar;C:\Users\Diana Kusuma\.m2\repository\org\apache\commons\commons-csv\1.5\commons-csv-1.5.jar;C:\Users\Diana Kusuma\.m2\repository\net\serenity-bdd\serenity-screenplay\3.5.1\serenity-screenplay-3.5.1.jar;C:\Users\Diana Kusuma\.m2\repository\net\serenity-bdd\serenity-screenplay-webdriver\3.5.1\serenity-screenplay-webdriver-3.5.1.jar;C:\Users\Diana Kusuma\.m2\repository\net\serenity-bdd\serenity-ensure\3.5.1\serenity-ensure-3.5.1.jar;C:\Users\Diana Kusuma\.m2\repository\net\serenity-bdd\serenity-junit\3.5.1\serenity-junit-3.5.1.jar;C:\Users\Diana Kusuma\.m2\repository\org\jetbrains\kotlin\kotlin-stdlib\1.7.21\kotlin-stdlib-1.7.21.jar;C:\Users\Diana Kusuma\.m2\repository\org\jetbrains\kotlin\kotlin-stdlib-common\1.7.21\kotlin-stdlib-common-1.7.21.jar;C:\Users\Diana Kusuma\.m2\repository\org\jetbrains\annotations\13.0\annotations-13.0.jar;C:\Users\Diana Kusuma\.m2\repository\org\junit\platform\junit-platform-launcher\1.8.2\junit-platform-launcher-1.8.2.jar;C:\Users\Diana Kusuma\.m2\repository\org\junit\platform\junit-platform-engine\1.8.2\junit-platform-engine-1.8.2.jar;C:\Users\Diana Kusuma\.m2\repository\org\opentest4j\opentest4j\1.2.0\opentest4j-1.2.0.jar;C:\Users\Diana Kusuma\.m2\repository\org\junit\platform\junit-platform-commons\1.8.2\junit-platform-commons-1.8.2.jar;C:\Users\Diana Kusuma\.m2\repository\org\apiguardian\apiguardian-api\1.1.2\apiguardian-api-1.1.2.jar;C:\Users\Diana Kusuma\.m2\repository\org\junit\jupiter\junit-jupiter-engine\5.8.2\junit-jupiter-engine-5.8.2.jar;C:\Users\Diana Kusuma\.m2\repository\org\junit\jupiter\junit-jupiter-api\5.8.2\junit-jupiter-api-5.8.2.jar;C:\Users\Diana Kusuma\.m2\repository\org\junit\vintage\junit-vintage-engine\5.8.2\junit-vintage-engine-5.8.2.jar;C:\Users\Diana Kusuma\.m2\repository\junit\junit\4.13.2\junit-4.13.2.jar;C:\Users\Diana Kusuma\.m2\repository\org\hamcrest\hamcrest-core\1.3\hamcrest-core-1.3.jar;C:\Users\Diana Kusuma\.m2\repository\ch\qos\logback\logback-classic\1.2.10\logback-classic-1.2.10.jar;C:\Users\Diana Kusuma\.m2\repository\ch\qos\logback\logback-core\1.2.10\logback-core-1.2.10.jar;C:\Users\Diana Kusuma\.m2\repository\org\slf4j\slf4j-api\1.7.32\slf4j-api-1.7.32.jar;C:\Users\Diana Kusuma\.m2\repository\org\assertj\assertj-core\3.23.1\assertj-core-3.23.1.jar;C:\Users\Diana Kusuma\.m2\repository\net\bytebuddy\byte-buddy\1.12.10\byte-buddy-1.12.10.jar;"/>
    <property name="java.vm.vendor" value="Oracle Corporation"/>
    <property name="sun.arch.data.model" value="64"/>
    <property name="user.variant" value=""/>
    <property name="java.vendor.url" value="https://java.oracle.com/"/>
    <property name="user.timezone" value="Asia/Jakarta"/>
    <property name="os.name" value="Windows 11"/>
    <property name="java.vm.specification.version" value="17"/>
    <property name="sun.java.launcher" value="SUN_STANDARD"/>
    <property name="user.country" value="ID"/>
    <property name="sun.boot.library.path" value="C:\Program Files\Java\jdk-17\bin"/>
    <property name="sun.java.command" value="org.apache.maven.surefire.booter.ForkedBooter C:\Users\Diana Kusuma\AppData\Local\Temp\surefire3853032720314948708 2023-09-27T00-15-49_683-jvmRun1 surefire318542866822989523tmp surefire_010111114478207346983tmp"/>
    <property name="jdk.debug" value="release"/>
    <property name="surefire.test.class.path" value="D:\Maven\Project\Soal Prioritas 1 - Linkedin\target\test-classes;C:\Users\Diana Kusuma\.m2\repository\net\serenity-bdd\serenity-core\3.5.1\serenity-core-3.5.1.jar;C:\Users\Diana Kusuma\.m2\repository\net\serenity-bdd\serenity-model\3.5.1\serenity-model-3.5.1.jar;C:\Users\Diana Kusuma\.m2\repository\org\apache\commons\commons-text\1.10.0\commons-text-1.10.0.jar;C:\Users\Diana Kusuma\.m2\repository\commons-net\commons-net\3.8.0\commons-net-3.8.0.jar;C:\Users\Diana Kusuma\.m2\repository\com\google\guava\guava\31.1-jre\guava-31.1-jre.jar;C:\Users\Diana Kusuma\.m2\repository\com\google\guava\failureaccess\1.0.1\failureaccess-1.0.1.jar;C:\Users\Diana Kusuma\.m2\repository\com\google\guava\listenablefuture\9999.0-empty-to-avoid-conflict-with-guava\listenablefuture-9999.0-empty-to-avoid-conflict-with-guava.jar;C:\Users\Diana Kusuma\.m2\repository\com\google\code\findbugs\jsr305\3.0.2\jsr305-3.0.2.jar;C:\Users\Diana Kusuma\.m2\repository\org\checkerframework\checker-qual\3.12.0\checker-qual-3.12.0.jar;C:\Users\Diana Kusuma\.m2\repository\com\google\errorprone\error_prone_annotations\2.11.0\error_prone_annotations-2.11.0.jar;C:\Users\Diana Kusuma\.m2\repository\com\google\j2objc\j2objc-annotations\1.3\j2objc-annotations-1.3.jar;C:\Users\Diana Kusuma\.m2\repository\com\google\inject\guice\5.1.0\guice-5.1.0.jar;C:\Users\Diana Kusuma\.m2\repository\javax\inject\javax.inject\1\javax.inject-1.jar;C:\Users\Diana Kusuma\.m2\repository\aopalliance\aopalliance\1.0\aopalliance-1.0.jar;C:\Users\Diana Kusuma\.m2\repository\org\jsoup\jsoup\1.14.3\jsoup-1.14.3.jar;C:\Users\Diana Kusuma\.m2\repository\com\thoughtworks\xstream\xstream\1.4.19\xstream-1.4.19.jar;C:\Users\Diana Kusuma\.m2\repository\io\github\x-stream\mxparser\1.2.2\mxparser-1.2.2.jar;C:\Users\Diana Kusuma\.m2\repository\xmlpull\xmlpull\1.1.3.1\xmlpull-1.1.3.1.jar;C:\Users\Diana Kusuma\.m2\repository\com\typesafe\config\1.4.2\config-1.4.2.jar;C:\Users\Diana Kusuma\.m2\repository\org\imgscalr\imgscalr-lib\4.2\imgscalr-lib-4.2.jar;C:\Users\Diana Kusuma\.m2\repository\org\awaitility\awaitility\4.2.0\awaitility-4.2.0.jar;C:\Users\Diana Kusuma\.m2\repository\org\freemarker\freemarker\2.3.31\freemarker-2.3.31.jar;C:\Users\Diana Kusuma\.m2\repository\io\github\classgraph\classgraph\4.8.138\classgraph-4.8.138.jar;C:\Users\Diana Kusuma\.m2\repository\net\sourceforge\jexcelapi\jxl\2.6.12\jxl-2.6.12.jar;C:\Users\Diana Kusuma\.m2\repository\net\bytebuddy\byte-buddy-agent\1.12.18\byte-buddy-agent-1.12.18.jar;C:\Users\Diana Kusuma\.m2\repository\org\objenesis\objenesis\3.1\objenesis-3.1.jar;C:\Users\Diana Kusuma\.m2\repository\net\serenity-bdd\serenity-reports\3.5.1\serenity-reports-3.5.1.jar;C:\Users\Diana Kusuma\.m2\repository\net\serenity-bdd\serenity-stats\3.5.1\serenity-stats-3.5.1.jar;C:\Users\Diana Kusuma\.m2\repository\net\serenity-bdd\serenity-reports-configuration\3.5.1\serenity-reports-configuration-3.5.1.jar;C:\Users\Diana Kusuma\.m2\repository\com\vladsch\flexmark\flexmark-all\0.34.30\flexmark-all-0.34.30.jar;C:\Users\Diana Kusuma\.m2\repository\com\vladsch\flexmark\flexmark\0.34.30\flexmark-0.34.30.jar;C:\Users\Diana Kusuma\.m2\repository\com\vladsch\flexmark\flexmark-ext-abbreviation\0.34.30\flexmark-ext-abbreviation-0.34.30.jar;C:\Users\Diana Kusuma\.m2\repository\com\vladsch\flexmark\flexmark-ext-admonition\0.34.30\flexmark-ext-admonition-0.34.30.jar;C:\Users\Diana Kusuma\.m2\repository\com\vladsch\flexmark\flexmark-ext-anchorlink\0.34.30\flexmark-ext-anchorlink-0.34.30.jar;C:\Users\Diana Kusuma\.m2\repository\com\vladsch\flexmark\flexmark-ext-aside\0.34.30\flexmark-ext-aside-0.34.30.jar;C:\Users\Diana Kusuma\.m2\repository\com\vladsch\flexmark\flexmark-ext-attributes\0.34.30\flexmark-ext-attributes-0.34.30.jar;C:\Users\Diana Kusuma\.m2\repository\com\vladsch\flexmark\flexmark-ext-autolink\0.34.30\flexmark-ext-autolink-0.34.30.jar;C:\Users\Diana Kusuma\.m2\repository\org\nibor\autolink\autolink\0.6.0\autolink-0.6.0.jar;C:\Users\Diana Kusuma\.m2\repository\com\vladsch\flexmark\flexmark-ext-definition\0.34.30\flexmark-ext-definition-0.34.30.jar;C:\Users\Diana Kusuma\.m2\repository\com\vladsch\flexmark\flexmark-ext-emoji\0.34.30\flexmark-ext-emoji-0.34.30.jar;C:\Users\Diana Kusuma\.m2\repository\com\vladsch\flexmark\flexmark-ext-enumerated-reference\0.34.30\flexmark-ext-enumerated-reference-0.34.30.jar;C:\Users\Diana Kusuma\.m2\repository\com\vladsch\flexmark\flexmark-ext-escaped-character\0.34.30\flexmark-ext-escaped-character-0.34.30.jar;C:\Users\Diana Kusuma\.m2\repository\com\vladsch\flexmark\flexmark-ext-footnotes\0.34.30\flexmark-ext-footnotes-0.34.30.jar;C:\Users\Diana Kusuma\.m2\repository\com\vladsch\flexmark\flexmark-ext-gfm-issues\0.34.30\flexmark-ext-gfm-issues-0.34.30.jar;C:\Users\Diana Kusuma\.m2\repository\com\vladsch\flexmark\flexmark-ext-gfm-strikethrough\0.34.30\flexmark-ext-gfm-strikethrough-0.34.30.jar;C:\Users\Diana Kusuma\.m2\repository\com\vladsch\flexmark\flexmark-ext-gfm-tables\0.34.30\flexmark-ext-gfm-tables-0.34.30.jar;C:\Users\Diana Kusuma\.m2\repository\com\vladsch\flexmark\flexmark-ext-gfm-tasklist\0.34.30\flexmark-ext-gfm-tasklist-0.34.30.jar;C:\Users\Diana Kusuma\.m2\repository\com\vladsch\flexmark\flexmark-ext-gfm-users\0.34.30\flexmark-ext-gfm-users-0.34.30.jar;C:\Users\Diana Kusuma\.m2\repository\com\vladsch\flexmark\flexmark-ext-gitlab\0.34.30\flexmark-ext-gitlab-0.34.30.jar;C:\Users\Diana Kusuma\.m2\repository\com\vladsch\flexmark\flexmark-ext-jekyll-front-matter\0.34.30\flexmark-ext-jekyll-front-matter-0.34.30.jar;C:\Users\Diana Kusuma\.m2\repository\com\vladsch\flexmark\flexmark-ext-jekyll-tag\0.34.30\flexmark-ext-jekyll-tag-0.34.30.jar;C:\Users\Diana Kusuma\.m2\repository\com\vladsch\flexmark\flexmark-ext-media-tags\0.34.30\flexmark-ext-media-tags-0.34.30.jar;C:\Users\Diana Kusuma\.m2\repository\com\vladsch\flexmark\flexmark-test-util\0.34.30\flexmark-test-util-0.34.30.jar;C:\Users\Diana Kusuma\.m2\repository\com\vladsch\flexmark\flexmark-ext-ins\0.34.30\flexmark-ext-ins-0.34.30.jar;C:\Users\Diana Kusuma\.m2\repository\com\vladsch\flexmark\flexmark-ext-xwiki-macros\0.34.30\flexmark-ext-xwiki-macros-0.34.30.jar;C:\Users\Diana Kusuma\.m2\repository\com\vladsch\flexmark\flexmark-ext-superscript\0.34.30\flexmark-ext-superscript-0.34.30.jar;C:\Users\Diana Kusuma\.m2\repository\com\vladsch\flexmark\flexmark-ext-tables\0.34.30\flexmark-ext-tables-0.34.30.jar;C:\Users\Diana Kusuma\.m2\repository\com\vladsch\flexmark\flexmark-ext-toc\0.34.30\flexmark-ext-toc-0.34.30.jar;C:\Users\Diana Kusuma\.m2\repository\com\vladsch\flexmark\flexmark-ext-typographic\0.34.30\flexmark-ext-typographic-0.34.30.jar;C:\Users\Diana Kusuma\.m2\repository\com\vladsch\flexmark\flexmark-ext-wikilink\0.34.30\flexmark-ext-wikilink-0.34.30.jar;C:\Users\Diana Kusuma\.m2\repository\com\vladsch\flexmark\flexmark-ext-yaml-front-matter\0.34.30\flexmark-ext-yaml-front-matter-0.34.30.jar;C:\Users\Diana Kusuma\.m2\repository\com\vladsch\flexmark\flexmark-ext-youtube-embedded\0.34.30\flexmark-ext-youtube-embedded-0.34.30.jar;C:\Users\Diana Kusuma\.m2\repository\com\vladsch\flexmark\flexmark-formatter\0.34.30\flexmark-formatter-0.34.30.jar;C:\Users\Diana Kusuma\.m2\repository\com\vladsch\flexmark\flexmark-html-parser\0.34.30\flexmark-html-parser-0.34.30.jar;C:\Users\Diana Kusuma\.m2\repository\com\vladsch\flexmark\flexmark-jira-converter\0.34.30\flexmark-jira-converter-0.34.30.jar;C:\Users\Diana Kusuma\.m2\repository\com\vladsch\flexmark\flexmark-pdf-converter\0.34.30\flexmark-pdf-converter-0.34.30.jar;C:\Users\Diana Kusuma\.m2\repository\com\openhtmltopdf\openhtmltopdf-core\0.0.1-RC13\openhtmltopdf-core-0.0.1-RC13.jar;C:\Users\Diana Kusuma\.m2\repository\com\openhtmltopdf\openhtmltopdf-pdfbox\0.0.1-RC13\openhtmltopdf-pdfbox-0.0.1-RC13.jar;C:\Users\Diana Kusuma\.m2\repository\org\apache\pdfbox\pdfbox\2.0.8\pdfbox-2.0.8.jar;C:\Users\Diana Kusuma\.m2\repository\org\apache\pdfbox\fontbox\2.0.8\fontbox-2.0.8.jar;C:\Users\Diana Kusuma\.m2\repository\org\apache\pdfbox\xmpbox\2.0.8\xmpbox-2.0.8.jar;C:\Users\Diana Kusuma\.m2\repository\de\rototor\pdfbox\graphics2d\0.12\graphics2d-0.12.jar;C:\Users\Diana Kusuma\.m2\repository\com\openhtmltopdf\openhtmltopdf-rtl-support\0.0.1-RC13\openhtmltopdf-rtl-support-0.0.1-RC13.jar;C:\Users\Diana Kusuma\.m2\repository\com\ibm\icu\icu4j\59.1\icu4j-59.1.jar;C:\Users\Diana Kusuma\.m2\repository\com\openhtmltopdf\openhtmltopdf-jsoup-dom-converter\0.0.1-RC13\openhtmltopdf-jsoup-dom-converter-0.0.1-RC13.jar;C:\Users\Diana Kusuma\.m2\repository\com\vladsch\flexmark\flexmark-profile-pegdown\0.34.30\flexmark-profile-pegdown-0.34.30.jar;C:\Users\Diana Kusuma\.m2\repository\com\vladsch\flexmark\flexmark-util\0.34.30\flexmark-util-0.34.30.jar;C:\Users\Diana Kusuma\.m2\repository\com\vladsch\flexmark\flexmark-youtrack-converter\0.34.30\flexmark-youtrack-converter-0.34.30.jar;C:\Users\Diana Kusuma\.m2\repository\es\nitaur\markdown\txtmark\0.16\txtmark-0.16.jar;C:\Users\Diana Kusuma\.m2\repository\net\serenity-bdd\serenity-report-resources\3.5.1\serenity-report-resources-3.5.1.jar;C:\Users\Diana Kusuma\.m2\repository\com\google\code\gson\gson\2.9.0\gson-2.9.0.jar;C:\Users\Diana Kusuma\.m2\repository\com\fasterxml\jackson\core\jackson-core\2.13.4\jackson-core-2.13.4.jar;C:\Users\Diana Kusuma\.m2\repository\com\fasterxml\jackson\core\jackson-databind\2.13.4\jackson-databind-2.13.4.jar;C:\Users\Diana Kusuma\.m2\repository\com\fasterxml\jackson\core\jackson-annotations\2.13.4\jackson-annotations-2.13.4.jar;C:\Users\Diana Kusuma\.m2\repository\commons-codec\commons-codec\1.15\commons-codec-1.15.jar;C:\Users\Diana Kusuma\.m2\repository\commons-io\commons-io\2.11.0\commons-io-2.11.0.jar;C:\Users\Diana Kusuma\.m2\repository\org\apache\httpcomponents\httpclient\4.5.13\httpclient-4.5.13.jar;C:\Users\Diana Kusuma\.m2\repository\org\apache\httpcomponents\httpcore\4.4.13\httpcore-4.4.13.jar;C:\Users\Diana Kusuma\.m2\repository\commons-logging\commons-logging\1.2\commons-logging-1.2.jar;C:\Users\Diana Kusuma\.m2\repository\org\seleniumhq\selenium\selenium-java\4.7.1\selenium-java-4.7.1.jar;C:\Users\Diana Kusuma\.m2\repository\org\seleniumhq\selenium\selenium-devtools-v106\4.7.1\selenium-devtools-v106-4.7.1.jar;C:\Users\Diana Kusuma\.m2\repository\org\seleniumhq\selenium\selenium-devtools-v107\4.7.1\selenium-devtools-v107-4.7.1.jar;C:\Users\Diana Kusuma\.m2\repository\org\seleniumhq\selenium\selenium-devtools-v108\4.7.1\selenium-devtools-v108-4.7.1.jar;C:\Users\Diana Kusuma\.m2\repository\org\seleniumhq\selenium\selenium-devtools-v85\4.7.1\selenium-devtools-v85-4.7.1.jar;C:\Users\Diana Kusuma\.m2\repository\org\seleniumhq\selenium\selenium-remote-driver\4.7.1\selenium-remote-driver-4.7.1.jar;C:\Users\Diana Kusuma\.m2\repository\com\beust\jcommander\1.82\jcommander-1.82.jar;C:\Users\Diana Kusuma\.m2\repository\io\netty\netty-buffer\4.1.84.Final\netty-buffer-4.1.84.Final.jar;C:\Users\Diana Kusuma\.m2\repository\io\netty\netty-codec-http\4.1.84.Final\netty-codec-http-4.1.84.Final.jar;C:\Users\Diana Kusuma\.m2\repository\io\netty\netty-codec\4.1.84.Final\netty-codec-4.1.84.Final.jar;C:\Users\Diana Kusuma\.m2\repository\io\netty\netty-handler\4.1.84.Final\netty-handler-4.1.84.Final.jar;C:\Users\Diana Kusuma\.m2\repository\io\netty\netty-common\4.1.84.Final\netty-common-4.1.84.Final.jar;C:\Users\Diana Kusuma\.m2\repository\io\netty\netty-transport-classes-epoll\4.1.84.Final\netty-transport-classes-epoll-4.1.84.Final.jar;C:\Users\Diana Kusuma\.m2\repository\io\netty\netty-transport-classes-kqueue\4.1.84.Final\netty-transport-classes-kqueue-4.1.84.Final.jar;C:\Users\Diana Kusuma\.m2\repository\io\netty\netty-transport-native-epoll\4.1.84.Final\netty-transport-native-epoll-4.1.84.Final.jar;C:\Users\Diana Kusuma\.m2\repository\io\netty\netty-transport-native-kqueue\4.1.84.Final\netty-transport-native-kqueue-4.1.84.Final.jar;C:\Users\Diana Kusuma\.m2\repository\io\netty\netty-transport-native-unix-common\4.1.84.Final\netty-transport-native-unix-common-4.1.84.Final.jar;C:\Users\Diana Kusuma\.m2\repository\io\netty\netty-transport\4.1.84.Final\netty-transport-4.1.84.Final.jar;C:\Users\Diana Kusuma\.m2\repository\io\netty\netty-resolver\4.1.84.Final\netty-resolver-4.1.84.Final.jar;C:\Users\Diana Kusuma\.m2\repository\io\opentelemetry\opentelemetry-api\1.19.0\opentelemetry-api-1.19.0.jar;C:\Users\Diana Kusuma\.m2\repository\io\opentelemetry\opentelemetry-context\1.19.0\opentelemetry-context-1.19.0.jar;C:\Users\Diana Kusuma\.m2\repository\io\opentelemetry\opentelemetry-exporter-logging\1.19.0\opentelemetry-exporter-logging-1.19.0.jar;C:\Users\Diana Kusuma\.m2\repository\io\opentelemetry\opentelemetry-sdk-metrics\1.19.0\opentelemetry-sdk-metrics-1.19.0.jar;C:\Users\Diana Kusuma\.m2\repository\io\opentelemetry\opentelemetry-sdk-logs\1.19.0-alpha\opentelemetry-sdk-logs-1.19.0-alpha.jar;C:\Users\Diana Kusuma\.m2\repository\io\opentelemetry\opentelemetry-api-logs\1.19.0-alpha\opentelemetry-api-logs-1.19.0-alpha.jar;C:\Users\Diana Kusuma\.m2\repository\io\opentelemetry\opentelemetry-sdk-common\1.19.0\opentelemetry-sdk-common-1.19.0.jar;C:\Users\Diana Kusuma\.m2\repository\io\opentelemetry\opentelemetry-sdk-extension-autoconfigure-spi\1.19.0\opentelemetry-sdk-extension-autoconfigure-spi-1.19.0.jar;C:\Users\Diana Kusuma\.m2\repository\io\opentelemetry\opentelemetry-sdk-extension-autoconfigure\1.19.0-alpha\opentelemetry-sdk-extension-autoconfigure-1.19.0-alpha.jar;C:\Users\Diana Kusuma\.m2\repository\io\opentelemetry\opentelemetry-exporter-common\1.19.0\opentelemetry-exporter-common-1.19.0.jar;C:\Users\Diana Kusuma\.m2\repository\io\opentelemetry\opentelemetry-sdk-trace\1.19.0\opentelemetry-sdk-trace-1.19.0.jar;C:\Users\Diana Kusuma\.m2\repository\io\opentelemetry\opentelemetry-sdk\1.19.0\opentelemetry-sdk-1.19.0.jar;C:\Users\Diana Kusuma\.m2\repository\io\opentelemetry\opentelemetry-semconv\1.19.0-alpha\opentelemetry-semconv-1.19.0-alpha.jar;C:\Users\Diana Kusuma\.m2\repository\io\ous\jtoml\2.0.0\jtoml-2.0.0.jar;C:\Users\Diana Kusuma\.m2\repository\org\apache\commons\commons-exec\1.3\commons-exec-1.3.jar;C:\Users\Diana Kusuma\.m2\repository\org\asynchttpclient\async-http-client\2.12.3\async-http-client-2.12.3.jar;C:\Users\Diana Kusuma\.m2\repository\org\asynchttpclient\async-http-client-netty-utils\2.12.3\async-http-client-netty-utils-2.12.3.jar;C:\Users\Diana Kusuma\.m2\repository\io\netty\netty-codec-socks\4.1.60.Final\netty-codec-socks-4.1.60.Final.jar;C:\Users\Diana Kusuma\.m2\repository\io\netty\netty-handler-proxy\4.1.60.Final\netty-handler-proxy-4.1.60.Final.jar;C:\Users\Diana Kusuma\.m2\repository\io\netty\netty-transport-native-epoll\4.1.60.Final\netty-transport-native-epoll-4.1.60.Final-linux-x86_64.jar;C:\Users\Diana Kusuma\.m2\repository\io\netty\netty-transport-native-kqueue\4.1.60.Final\netty-transport-native-kqueue-4.1.60.Final-osx-x86_64.jar;C:\Users\Diana Kusuma\.m2\repository\org\reactivestreams\reactive-streams\1.0.3\reactive-streams-1.0.3.jar;C:\Users\Diana Kusuma\.m2\repository\com\typesafe\netty\netty-reactive-streams\2.0.4\netty-reactive-streams-2.0.4.jar;C:\Users\Diana Kusuma\.m2\repository\org\seleniumhq\selenium\selenium-manager\4.7.1\selenium-manager-4.7.1.jar;C:\Users\Diana Kusuma\.m2\repository\org\seleniumhq\selenium\selenium-safari-driver\4.7.1\selenium-safari-driver-4.7.1.jar;C:\Users\Diana Kusuma\.m2\repository\org\seleniumhq\selenium\selenium-api\4.7.1\selenium-api-4.7.1.jar;C:\Users\Diana Kusuma\.m2\repository\org\seleniumhq\selenium\selenium-support\4.7.1\selenium-support-4.7.1.jar;C:\Users\Diana Kusuma\.m2\repository\com\google\auto\service\auto-service-annotations\1.0.1\auto-service-annotations-1.0.1.jar;C:\Users\Diana Kusuma\.m2\repository\com\google\auto\service\auto-service\1.0.1\auto-service-1.0.1.jar;C:\Users\Diana Kusuma\.m2\repository\com\google\auto\auto-common\1.2\auto-common-1.2.jar;C:\Users\Diana Kusuma\.m2\repository\org\seleniumhq\selenium\selenium-json\4.7.1\selenium-json-4.7.1.jar;C:\Users\Diana Kusuma\.m2\repository\org\seleniumhq\selenium\selenium-chrome-driver\4.7.1\selenium-chrome-driver-4.7.1.jar;C:\Users\Diana Kusuma\.m2\repository\org\seleniumhq\selenium\selenium-chromium-driver\4.7.1\selenium-chromium-driver-4.7.1.jar;C:\Users\Diana Kusuma\.m2\repository\org\seleniumhq\selenium\selenium-firefox-driver\4.7.1\selenium-firefox-driver-4.7.1.jar;C:\Users\Diana Kusuma\.m2\repository\org\seleniumhq\selenium\selenium-http\4.7.1\selenium-http-4.7.1.jar;C:\Users\Diana Kusuma\.m2\repository\dev\failsafe\failsafe\3.3.0\failsafe-3.3.0.jar;C:\Users\Diana Kusuma\.m2\repository\org\seleniumhq\selenium\selenium-edge-driver\4.7.1\selenium-edge-driver-4.7.1.jar;C:\Users\Diana Kusuma\.m2\repository\org\seleniumhq\selenium\selenium-ie-driver\4.7.1\selenium-ie-driver-4.7.1.jar;C:\Users\Diana Kusuma\.m2\repository\org\projectlombok\lombok\1.18.20\lombok-1.18.20.jar;C:\Users\Diana Kusuma\.m2\repository\io\appium\java-client\8.3.0\java-client-8.3.0.jar;C:\Users\Diana Kusuma\.m2\repository\commons-validator\commons-validator\1.7\commons-validator-1.7.jar;C:\Users\Diana Kusuma\.m2\repository\commons-digester\commons-digester\2.1\commons-digester-2.1.jar;C:\Users\Diana Kusuma\.m2\repository\org\apache\groovy\groovy\4.0.6\groovy-4.0.6.jar;C:\Users\Diana Kusuma\.m2\repository\net\sf\opencsv\opencsv\2.0\opencsv-2.0.jar;C:\Users\Diana Kusuma\.m2\repository\commons-beanutils\commons-beanutils\1.9.4\commons-beanutils-1.9.4.jar;C:\Users\Diana Kusuma\.m2\repository\org\apache\commons\commons-lang3\3.12.0\commons-lang3-3.12.0.jar;C:\Users\Diana Kusuma\.m2\repository\commons-collections\commons-collections\3.2.2\commons-collections-3.2.2.jar;C:\Users\Diana Kusuma\.m2\repository\org\fluentlenium\fluentlenium-core\0.10.2\fluentlenium-core-0.10.2.jar;C:\Users\Diana Kusuma\.m2\repository\io\github\bonigarcia\webdrivermanager\5.3.0\webdrivermanager-5.3.0.jar;C:\Users\Diana Kusuma\.m2\repository\com\github\docker-java\docker-java\3.2.13\docker-java-3.2.13.jar;C:\Users\Diana Kusuma\.m2\repository\com\github\docker-java\docker-java-core\3.2.13\docker-java-core-3.2.13.jar;C:\Users\Diana Kusuma\.m2\repository\com\github\docker-java\docker-java-api\3.2.13\docker-java-api-3.2.13.jar;C:\Users\Diana Kusuma\.m2\repository\org\apache\commons\commons-compress\1.21\commons-compress-1.21.jar;C:\Users\Diana Kusuma\.m2\repository\org\bouncycastle\bcpkix-jdk15on\1.64\bcpkix-jdk15on-1.64.jar;C:\Users\Diana Kusuma\.m2\repository\org\bouncycastle\bcprov-jdk15on\1.64\bcprov-jdk15on-1.64.jar;C:\Users\Diana Kusuma\.m2\repository\org\slf4j\jcl-over-slf4j\1.7.30\jcl-over-slf4j-1.7.30.jar;C:\Users\Diana Kusuma\.m2\repository\com\github\docker-java\docker-java-transport-httpclient5\3.2.13\docker-java-transport-httpclient5-3.2.13.jar;C:\Users\Diana Kusuma\.m2\repository\com\github\docker-java\docker-java-transport\3.2.13\docker-java-transport-3.2.13.jar;C:\Users\Diana Kusuma\.m2\repository\net\java\dev\jna\jna\5.8.0\jna-5.8.0.jar;C:\Users\Diana Kusuma\.m2\repository\org\brotli\dec\0.1.2\dec-0.1.2.jar;C:\Users\Diana Kusuma\.m2\repository\org\apache\httpcomponents\client5\httpclient5\5.1.3\httpclient5-5.1.3.jar;C:\Users\Diana Kusuma\.m2\repository\org\apache\httpcomponents\core5\httpcore5\5.1.3\httpcore5-5.1.3.jar;C:\Users\Diana Kusuma\.m2\repository\org\apache\httpcomponents\core5\httpcore5-h2\5.1.3\httpcore5-h2-5.1.3.jar;C:\Users\Diana Kusuma\.m2\repository\com\jhlabs\filters\2.0.235\filters-2.0.235.jar;C:\Users\Diana Kusuma\.m2\repository\com\paulhammant\ngwebdriver\1.1.6\ngwebdriver-1.1.6.jar;C:\Users\Diana Kusuma\.m2\repository\joda-time\joda-time\2.8.2\joda-time-2.8.2.jar;C:\Users\Diana Kusuma\.m2\repository\org\hamcrest\hamcrest\2.2\hamcrest-2.2.jar;C:\Users\Diana Kusuma\.m2\repository\com\google\jimfs\jimfs\1.2\jimfs-1.2.jar;C:\Users\Diana Kusuma\.m2\repository\org\mockito\mockito-core\3.3.3\mockito-core-3.3.3.jar;C:\Users\Diana Kusuma\.m2\repository\javax\xml\bind\jaxb-api\2.3.1\jaxb-api-2.3.1.jar;C:\Users\Diana Kusuma\.m2\repository\javax\activation\javax.activation-api\1.2.0\javax.activation-api-1.2.0.jar;C:\Users\Diana Kusuma\.m2\repository\com\sun\xml\bind\jaxb-core\2.3.0.1\jaxb-core-2.3.0.1.jar;C:\Users\Diana Kusuma\.m2\repository\com\sun\xml\bind\jaxb-impl\2.3.3\jaxb-impl-2.3.3.jar;C:\Users\Diana Kusuma\.m2\repository\jakarta\xml\bind\jakarta.xml.bind-api\2.3.3\jakarta.xml.bind-api-2.3.3.jar;C:\Users\Diana Kusuma\.m2\repository\com\sun\activation\jakarta.activation\1.2.2\jakarta.activation-1.2.2.jar;C:\Users\Diana Kusuma\.m2\repository\javax\activation\activation\1.1.1\activation-1.1.1.jar;C:\Users\Diana Kusuma\.m2\repository\net\serenity-bdd\serenity-cucumber\3.5.1\serenity-cucumber-3.5.1.jar;C:\Users\Diana Kusuma\.m2\repository\io\cucumber\cucumber-core\7.8.1\cucumber-core-7.8.1.jar;C:\Users\Diana Kusuma\.m2\repository\io\cucumber\cucumber-gherkin\7.8.1\cucumber-gherkin-7.8.1.jar;C:\Users\Diana Kusuma\.m2\repository\io\cucumber\cucumber-gherkin-messages\7.8.1\cucumber-gherkin-messages-7.8.1.jar;C:\Users\Diana Kusuma\.m2\repository\io\cucumber\gherkin\24.0.0\gherkin-24.0.0.jar;C:\Users\Diana Kusuma\.m2\repository\io\cucumber\messages\19.1.4\messages-19.1.4.jar;C:\Users\Diana Kusuma\.m2\repository\io\cucumber\tag-expressions\4.1.0\tag-expressions-4.1.0.jar;C:\Users\Diana Kusuma\.m2\repository\io\cucumber\cucumber-expressions\16.0.0\cucumber-expressions-16.0.0.jar;C:\Users\Diana Kusuma\.m2\repository\io\cucumber\datatable\7.8.1\datatable-7.8.1.jar;C:\Users\Diana Kusuma\.m2\repository\io\cucumber\cucumber-plugin\7.8.1\cucumber-plugin-7.8.1.jar;C:\Users\Diana Kusuma\.m2\repository\io\cucumber\docstring\7.8.1\docstring-7.8.1.jar;C:\Users\Diana Kusuma\.m2\repository\io\cucumber\html-formatter\20.1.0\html-formatter-20.1.0.jar;C:\Users\Diana Kusuma\.m2\repository\io\cucumber\ci-environment\9.1.0\ci-environment-9.1.0.jar;C:\Users\Diana Kusuma\.m2\repository\io\cucumber\cucumber-java\7.8.1\cucumber-java-7.8.1.jar;C:\Users\Diana Kusuma\.m2\repository\io\cucumber\cucumber-junit\7.8.1\cucumber-junit-7.8.1.jar;C:\Users\Diana Kusuma\.m2\repository\org\apache\commons\commons-csv\1.5\commons-csv-1.5.jar;C:\Users\Diana Kusuma\.m2\repository\net\serenity-bdd\serenity-screenplay\3.5.1\serenity-screenplay-3.5.1.jar;C:\Users\Diana Kusuma\.m2\repository\net\serenity-bdd\serenity-screenplay-webdriver\3.5.1\serenity-screenplay-webdriver-3.5.1.jar;C:\Users\Diana Kusuma\.m2\repository\net\serenity-bdd\serenity-ensure\3.5.1\serenity-ensure-3.5.1.jar;C:\Users\Diana Kusuma\.m2\repository\net\serenity-bdd\serenity-junit\3.5.1\serenity-junit-3.5.1.jar;C:\Users\Diana Kusuma\.m2\repository\org\jetbrains\kotlin\kotlin-stdlib\1.7.21\kotlin-stdlib-1.7.21.jar;C:\Users\Diana Kusuma\.m2\repository\org\jetbrains\kotlin\kotlin-stdlib-common\1.7.21\kotlin-stdlib-common-1.7.21.jar;C:\Users\Diana Kusuma\.m2\repository\org\jetbrains\annotations\13.0\annotations-13.0.jar;C:\Users\Diana Kusuma\.m2\repository\org\junit\platform\junit-platform-launcher\1.8.2\junit-platform-launcher-1.8.2.jar;C:\Users\Diana Kusuma\.m2\repository\org\junit\platform\junit-platform-engine\1.8.2\junit-platform-engine-1.8.2.jar;C:\Users\Diana Kusuma\.m2\repository\org\opentest4j\opentest4j\1.2.0\opentest4j-1.2.0.jar;C:\Users\Diana Kusuma\.m2\repository\org\junit\platform\junit-platform-commons\1.8.2\junit-platform-commons-1.8.2.jar;C:\Users\Diana Kusuma\.m2\repository\org\apiguardian\apiguardian-api\1.1.2\apiguardian-api-1.1.2.jar;C:\Users\Diana Kusuma\.m2\repository\org\junit\jupiter\junit-jupiter-engine\5.8.2\junit-jupiter-engine-5.8.2.jar;C:\Users\Diana Kusuma\.m2\repository\org\junit\jupiter\junit-jupiter-api\5.8.2\junit-jupiter-api-5.8.2.jar;C:\Users\Diana Kusuma\.m2\repository\org\junit\vintage\junit-vintage-engine\5.8.2\junit-vintage-engine-5.8.2.jar;C:\Users\Diana Kusuma\.m2\repository\junit\junit\4.13.2\junit-4.13.2.jar;C:\Users\Diana Kusuma\.m2\repository\org\hamcrest\hamcrest-core\1.3\hamcrest-core-1.3.jar;C:\Users\Diana Kusuma\.m2\repository\ch\qos\logback\logback-classic\1.2.10\logback-classic-1.2.10.jar;C:\Users\Diana Kusuma\.m2\repository\ch\qos\logback\logback-core\1.2.10\logback-core-1.2.10.jar;C:\Users\Diana Kusuma\.m2\repository\org\slf4j\slf4j-api\1.7.32\slf4j-api-1.7.32.jar;C:\Users\Diana Kusuma\.m2\repository\org\assertj\assertj-core\3.23.1\assertj-core-3.23.1.jar;C:\Users\Diana Kusuma\.m2\repository\net\bytebuddy\byte-buddy\1.12.10\byte-buddy-1.12.10.jar;"/>
    <property name="sun.cpu.endian" value="little"/>
    <property name="user.home" value="C:\Users\Diana Kusuma"/>
    <property name="user.language" value="en"/>
    <property name="java.specification.vendor" value="Oracle Corporation"/>
    <property name="jdk.module.path" value="D:\Maven\Project\Soal Prioritas 1 - Linkedin\target\BDD-1.0-SNAPSHOT.jar"/>
    <property name="java.version.date" value="2023-07-18"/>
    <property name="java.home" value="C:\Program Files\Java\jdk-17"/>
    <property name="file.separator" value="\"/>
    <property name="basedir" value="D:\Maven\Project\Soal Prioritas 1 - Linkedin"/>
    <property name="java.vm.compressedOopsMode" value="Zero based"/>
    <property name="line.separator" value="&#10;"/>
    <property name="java.vm.specification.vendor" value="Oracle Corporation"/>
    <property name="java.specification.name" value="Java Platform API Specification"/>
    <property name="surefire.real.class.path" value="C:\Users\Diana Kusuma\.m2\repository\org\apache\maven\surefire\surefire-booter\3.0.0-M5\surefire-booter-3.0.0-M5.jar;C:\Users\Diana Kusuma\.m2\repository\org\apache\maven\surefire\surefire-api\3.0.0-M5\surefire-api-3.0.0-M5.jar;C:\Users\Diana Kusuma\.m2\repository\org\apache\maven\surefire\surefire-logger-api\3.0.0-M5\surefire-logger-api-3.0.0-M5.jar;C:\Users\Diana Kusuma\.m2\repository\org\apache\maven\surefire\surefire-shared-utils\3.0.0-M4\surefire-shared-utils-3.0.0-M4.jar;C:\Users\Diana Kusuma\.m2\repository\org\apache\maven\surefire\surefire-extensions-spi\3.0.0-M5\surefire-extensions-spi-3.0.0-M5.jar;D:\Maven\Project\Soal Prioritas 1 - Linkedin\target\test-classes;C:\Users\Diana Kusuma\.m2\repository\net\serenity-bdd\serenity-core\3.5.1\serenity-core-3.5.1.jar;C:\Users\Diana Kusuma\.m2\repository\net\serenity-bdd\serenity-model\3.5.1\serenity-model-3.5.1.jar;C:\Users\Diana Kusuma\.m2\repository\org\apache\commons\commons-text\1.10.0\commons-text-1.10.0.jar;C:\Users\Diana Kusuma\.m2\repository\commons-net\commons-net\3.8.0\commons-net-3.8.0.jar;C:\Users\Diana Kusuma\.m2\repository\com\google\guava\guava\31.1-jre\guava-31.1-jre.jar;C:\Users\Diana Kusuma\.m2\repository\com\google\guava\failureaccess\1.0.1\failureaccess-1.0.1.jar;C:\Users\Diana Kusuma\.m2\repository\com\google\guava\listenablefuture\9999.0-empty-to-avoid-conflict-with-guava\listenablefuture-9999.0-empty-to-avoid-conflict-with-guava.jar;C:\Users\Diana Kusuma\.m2\repository\com\google\code\findbugs\jsr305\3.0.2\jsr305-3.0.2.jar;C:\Users\Diana Kusuma\.m2\repository\org\checkerframework\checker-qual\3.12.0\checker-qual-3.12.0.jar;C:\Users\Diana Kusuma\.m2\repository\com\google\errorprone\error_prone_annotations\2.11.0\error_prone_annotations-2.11.0.jar;C:\Users\Diana Kusuma\.m2\repository\com\google\j2objc\j2objc-annotations\1.3\j2objc-annotations-1.3.jar;C:\Users\Diana Kusuma\.m2\repository\com\google\inject\guice\5.1.0\guice-5.1.0.jar;C:\Users\Diana Kusuma\.m2\repository\javax\inject\javax.inject\1\javax.inject-1.jar;C:\Users\Diana Kusuma\.m2\repository\aopalliance\aopalliance\1.0\aopalliance-1.0.jar;C:\Users\Diana Kusuma\.m2\repository\org\jsoup\jsoup\1.14.3\jsoup-1.14.3.jar;C:\Users\Diana Kusuma\.m2\repository\com\thoughtworks\xstream\xstream\1.4.19\xstream-1.4.19.jar;C:\Users\Diana Kusuma\.m2\repository\io\github\x-stream\mxparser\1.2.2\mxparser-1.2.2.jar;C:\Users\Diana Kusuma\.m2\repository\xmlpull\xmlpull\1.1.3.1\xmlpull-1.1.3.1.jar;C:\Users\Diana Kusuma\.m2\repository\com\typesafe\config\1.4.2\config-1.4.2.jar;C:\Users\Diana Kusuma\.m2\repository\org\imgscalr\imgscalr-lib\4.2\imgscalr-lib-4.2.jar;C:\Users\Diana Kusuma\.m2\repository\org\awaitility\awaitility\4.2.0\awaitility-4.2.0.jar;C:\Users\Diana Kusuma\.m2\repository\org\freemarker\freemarker\2.3.31\freemarker-2.3.31.jar;C:\Users\Diana Kusuma\.m2\repository\io\github\classgraph\classgraph\4.8.138\classgraph-4.8.138.jar;C:\Users\Diana Kusuma\.m2\repository\net\sourceforge\jexcelapi\jxl\2.6.12\jxl-2.6.12.jar;C:\Users\Diana Kusuma\.m2\repository\net\bytebuddy\byte-buddy-agent\1.12.18\byte-buddy-agent-1.12.18.jar;C:\Users\Diana Kusuma\.m2\repository\org\objenesis\objenesis\3.1\objenesis-3.1.jar;C:\Users\Diana Kusuma\.m2\repository\net\serenity-bdd\serenity-reports\3.5.1\serenity-reports-3.5.1.jar;C:\Users\Diana Kusuma\.m2\repository\net\serenity-bdd\serenity-stats\3.5.1\serenity-stats-3.5.1.jar;C:\Users\Diana Kusuma\.m2\repository\net\serenity-bdd\serenity-reports-configuration\3.5.1\serenity-reports-configuration-3.5.1.jar;C:\Users\Diana Kusuma\.m2\repository\com\vladsch\flexmark\flexmark-all\0.34.30\flexmark-all-0.34.30.jar;C:\Users\Diana Kusuma\.m2\repository\com\vladsch\flexmark\flexmark\0.34.30\flexmark-0.34.30.jar;C:\Users\Diana Kusuma\.m2\repository\com\vladsch\flexmark\flexmark-ext-abbreviation\0.34.30\flexmark-ext-abbreviation-0.34.30.jar;C:\Users\Diana Kusuma\.m2\repository\com\vladsch\flexmark\flexmark-ext-admonition\0.34.30\flexmark-ext-admonition-0.34.30.jar;C:\Users\Diana Kusuma\.m2\repository\com\vladsch\flexmark\flexmark-ext-anchorlink\0.34.30\flexmark-ext-anchorlink-0.34.30.jar;C:\Users\Diana Kusuma\.m2\repository\com\vladsch\flexmark\flexmark-ext-aside\0.34.30\flexmark-ext-aside-0.34.30.jar;C:\Users\Diana Kusuma\.m2\repository\com\vladsch\flexmark\flexmark-ext-attributes\0.34.30\flexmark-ext-attributes-0.34.30.jar;C:\Users\Diana Kusuma\.m2\repository\com\vladsch\flexmark\flexmark-ext-autolink\0.34.30\flexmark-ext-autolink-0.34.30.jar;C:\Users\Diana Kusuma\.m2\repository\org\nibor\autolink\autolink\0.6.0\autolink-0.6.0.jar;C:\Users\Diana Kusuma\.m2\repository\com\vladsch\flexmark\flexmark-ext-definition\0.34.30\flexmark-ext-definition-0.34.30.jar;C:\Users\Diana Kusuma\.m2\repository\com\vladsch\flexmark\flexmark-ext-emoji\0.34.30\flexmark-ext-emoji-0.34.30.jar;C:\Users\Diana Kusuma\.m2\repository\com\vladsch\flexmark\flexmark-ext-enumerated-reference\0.34.30\flexmark-ext-enumerated-reference-0.34.30.jar;C:\Users\Diana Kusuma\.m2\repository\com\vladsch\flexmark\flexmark-ext-escaped-character\0.34.30\flexmark-ext-escaped-character-0.34.30.jar;C:\Users\Diana Kusuma\.m2\repository\com\vladsch\flexmark\flexmark-ext-footnotes\0.34.30\flexmark-ext-footnotes-0.34.30.jar;C:\Users\Diana Kusuma\.m2\repository\com\vladsch\flexmark\flexmark-ext-gfm-issues\0.34.30\flexmark-ext-gfm-issues-0.34.30.jar;C:\Users\Diana Kusuma\.m2\repository\com\vladsch\flexmark\flexmark-ext-gfm-strikethrough\0.34.30\flexmark-ext-gfm-strikethrough-0.34.30.jar;C:\Users\Diana Kusuma\.m2\repository\com\vladsch\flexmark\flexmark-ext-gfm-tables\0.34.30\flexmark-ext-gfm-tables-0.34.30.jar;C:\Users\Diana Kusuma\.m2\repository\com\vladsch\flexmark\flexmark-ext-gfm-tasklist\0.34.30\flexmark-ext-gfm-tasklist-0.34.30.jar;C:\Users\Diana Kusuma\.m2\repository\com\vladsch\flexmark\flexmark-ext-gfm-users\0.34.30\flexmark-ext-gfm-users-0.34.30.jar;C:\Users\Diana Kusuma\.m2\repository\com\vladsch\flexmark\flexmark-ext-gitlab\0.34.30\flexmark-ext-gitlab-0.34.30.jar;C:\Users\Diana Kusuma\.m2\repository\com\vladsch\flexmark\flexmark-ext-jekyll-front-matter\0.34.30\flexmark-ext-jekyll-front-matter-0.34.30.jar;C:\Users\Diana Kusuma\.m2\repository\com\vladsch\flexmark\flexmark-ext-jekyll-tag\0.34.30\flexmark-ext-jekyll-tag-0.34.30.jar;C:\Users\Diana Kusuma\.m2\repository\com\vladsch\flexmark\flexmark-ext-media-tags\0.34.30\flexmark-ext-media-tags-0.34.30.jar;C:\Users\Diana Kusuma\.m2\repository\com\vladsch\flexmark\flexmark-test-util\0.34.30\flexmark-test-util-0.34.30.jar;C:\Users\Diana Kusuma\.m2\repository\com\vladsch\flexmark\flexmark-ext-ins\0.34.30\flexmark-ext-ins-0.34.30.jar;C:\Users\Diana Kusuma\.m2\repository\com\vladsch\flexmark\flexmark-ext-xwiki-macros\0.34.30\flexmark-ext-xwiki-macros-0.34.30.jar;C:\Users\Diana Kusuma\.m2\repository\com\vladsch\flexmark\flexmark-ext-superscript\0.34.30\flexmark-ext-superscript-0.34.30.jar;C:\Users\Diana Kusuma\.m2\repository\com\vladsch\flexmark\flexmark-ext-tables\0.34.30\flexmark-ext-tables-0.34.30.jar;C:\Users\Diana Kusuma\.m2\repository\com\vladsch\flexmark\flexmark-ext-toc\0.34.30\flexmark-ext-toc-0.34.30.jar;C:\Users\Diana Kusuma\.m2\repository\com\vladsch\flexmark\flexmark-ext-typographic\0.34.30\flexmark-ext-typographic-0.34.30.jar;C:\Users\Diana Kusuma\.m2\repository\com\vladsch\flexmark\flexmark-ext-wikilink\0.34.30\flexmark-ext-wikilink-0.34.30.jar;C:\Users\Diana Kusuma\.m2\repository\com\vladsch\flexmark\flexmark-ext-yaml-front-matter\0.34.30\flexmark-ext-yaml-front-matter-0.34.30.jar;C:\Users\Diana Kusuma\.m2\repository\com\vladsch\flexmark\flexmark-ext-youtube-embedded\0.34.30\flexmark-ext-youtube-embedded-0.34.30.jar;C:\Users\Diana Kusuma\.m2\repository\com\vladsch\flexmark\flexmark-formatter\0.34.30\flexmark-formatter-0.34.30.jar;C:\Users\Diana Kusuma\.m2\repository\com\vladsch\flexmark\flexmark-html-parser\0.34.30\flexmark-html-parser-0.34.30.jar;C:\Users\Diana Kusuma\.m2\repository\com\vladsch\flexmark\flexmark-jira-converter\0.34.30\flexmark-jira-converter-0.34.30.jar;C:\Users\Diana Kusuma\.m2\repository\com\vladsch\flexmark\flexmark-pdf-converter\0.34.30\flexmark-pdf-converter-0.34.30.jar;C:\Users\Diana Kusuma\.m2\repository\com\openhtmltopdf\openhtmltopdf-core\0.0.1-RC13\openhtmltopdf-core-0.0.1-RC13.jar;C:\Users\Diana Kusuma\.m2\repository\com\openhtmltopdf\openhtmltopdf-pdfbox\0.0.1-RC13\openhtmltopdf-pdfbox-0.0.1-RC13.jar;C:\Users\Diana Kusuma\.m2\repository\org\apache\pdfbox\pdfbox\2.0.8\pdfbox-2.0.8.jar;C:\Users\Diana Kusuma\.m2\repository\org\apache\pdfbox\fontbox\2.0.8\fontbox-2.0.8.jar;C:\Users\Diana Kusuma\.m2\repository\org\apache\pdfbox\xmpbox\2.0.8\xmpbox-2.0.8.jar;C:\Users\Diana Kusuma\.m2\repository\de\rototor\pdfbox\graphics2d\0.12\graphics2d-0.12.jar;C:\Users\Diana Kusuma\.m2\repository\com\openhtmltopdf\openhtmltopdf-rtl-support\0.0.1-RC13\openhtmltopdf-rtl-support-0.0.1-RC13.jar;C:\Users\Diana Kusuma\.m2\repository\com\ibm\icu\icu4j\59.1\icu4j-59.1.jar;C:\Users\Diana Kusuma\.m2\repository\com\openhtmltopdf\openhtmltopdf-jsoup-dom-converter\0.0.1-RC13\openhtmltopdf-jsoup-dom-converter-0.0.1-RC13.jar;C:\Users\Diana Kusuma\.m2\repository\com\vladsch\flexmark\flexmark-profile-pegdown\0.34.30\flexmark-profile-pegdown-0.34.30.jar;C:\Users\Diana Kusuma\.m2\repository\com\vladsch\flexmark\flexmark-util\0.34.30\flexmark-util-0.34.30.jar;C:\Users\Diana Kusuma\.m2\repository\com\vladsch\flexmark\flexmark-youtrack-converter\0.34.30\flexmark-youtrack-converter-0.34.30.jar;C:\Users\Diana Kusuma\.m2\repository\es\nitaur\markdown\txtmark\0.16\txtmark-0.16.jar;C:\Users\Diana Kusuma\.m2\repository\net\serenity-bdd\serenity-report-resources\3.5.1\serenity-report-resources-3.5.1.jar;C:\Users\Diana Kusuma\.m2\repository\com\google\code\gson\gson\2.9.0\gson-2.9.0.jar;C:\Users\Diana Kusuma\.m2\repository\com\fasterxml\jackson\core\jackson-core\2.13.4\jackson-core-2.13.4.jar;C:\Users\Diana Kusuma\.m2\repository\com\fasterxml\jackson\core\jackson-databind\2.13.4\jackson-databind-2.13.4.jar;C:\Users\Diana Kusuma\.m2\repository\com\fasterxml\jackson\core\jackson-annotations\2.13.4\jackson-annotations-2.13.4.jar;C:\Users\Diana Kusuma\.m2\repository\commons-codec\commons-codec\1.15\commons-codec-1.15.jar;C:\Users\Diana Kusuma\.m2\repository\commons-io\commons-io\2.11.0\commons-io-2.11.0.jar;C:\Users\Diana Kusuma\.m2\repository\org\apache\httpcomponents\httpclient\4.5.13\httpclient-4.5.13.jar;C:\Users\Diana Kusuma\.m2\repository\org\apache\httpcomponents\httpcore\4.4.13\httpcore-4.4.13.jar;C:\Users\Diana Kusuma\.m2\repository\commons-logging\commons-logging\1.2\commons-logging-1.2.jar;C:\Users\Diana Kusuma\.m2\repository\org\seleniumhq\selenium\selenium-java\4.7.1\selenium-java-4.7.1.jar;C:\Users\Diana Kusuma\.m2\repository\org\seleniumhq\selenium\selenium-devtools-v106\4.7.1\selenium-devtools-v106-4.7.1.jar;C:\Users\Diana Kusuma\.m2\repository\org\seleniumhq\selenium\selenium-devtools-v107\4.7.1\selenium-devtools-v107-4.7.1.jar;C:\Users\Diana Kusuma\.m2\repository\org\seleniumhq\selenium\selenium-devtools-v108\4.7.1\selenium-devtools-v108-4.7.1.jar;C:\Users\Diana Kusuma\.m2\repository\org\seleniumhq\selenium\selenium-devtools-v85\4.7.1\selenium-devtools-v85-4.7.1.jar;C:\Users\Diana Kusuma\.m2\repository\org\seleniumhq\selenium\selenium-remote-driver\4.7.1\selenium-remote-driver-4.7.1.jar;C:\Users\Diana Kusuma\.m2\repository\com\beust\jcommander\1.82\jcommander-1.82.jar;C:\Users\Diana Kusuma\.m2\repository\io\netty\netty-buffer\4.1.84.Final\netty-buffer-4.1.84.Final.jar;C:\Users\Diana Kusuma\.m2\repository\io\netty\netty-codec-http\4.1.84.Final\netty-codec-http-4.1.84.Final.jar;C:\Users\Diana Kusuma\.m2\repository\io\netty\netty-codec\4.1.84.Final\netty-codec-4.1.84.Final.jar;C:\Users\Diana Kusuma\.m2\repository\io\netty\netty-handler\4.1.84.Final\netty-handler-4.1.84.Final.jar;C:\Users\Diana Kusuma\.m2\repository\io\netty\netty-common\4.1.84.Final\netty-common-4.1.84.Final.jar;C:\Users\Diana Kusuma\.m2\repository\io\netty\netty-transport-classes-epoll\4.1.84.Final\netty-transport-classes-epoll-4.1.84.Final.jar;C:\Users\Diana Kusuma\.m2\repository\io\netty\netty-transport-classes-kqueue\4.1.84.Final\netty-transport-classes-kqueue-4.1.84.Final.jar;C:\Users\Diana Kusuma\.m2\repository\io\netty\netty-transport-native-epoll\4.1.84.Final\netty-transport-native-epoll-4.1.84.Final.jar;C:\Users\Diana Kusuma\.m2\repository\io\netty\netty-transport-native-kqueue\4.1.84.Final\netty-transport-native-kqueue-4.1.84.Final.jar;C:\Users\Diana Kusuma\.m2\repository\io\netty\netty-transport-native-unix-common\4.1.84.Final\netty-transport-native-unix-common-4.1.84.Final.jar;C:\Users\Diana Kusuma\.m2\repository\io\netty\netty-transport\4.1.84.Final\netty-transport-4.1.84.Final.jar;C:\Users\Diana Kusuma\.m2\repository\io\netty\netty-resolver\4.1.84.Final\netty-resolver-4.1.84.Final.jar;C:\Users\Diana Kusuma\.m2\repository\io\opentelemetry\opentelemetry-api\1.19.0\opentelemetry-api-1.19.0.jar;C:\Users\Diana Kusuma\.m2\repository\io\opentelemetry\opentelemetry-context\1.19.0\opentelemetry-context-1.19.0.jar;C:\Users\Diana Kusuma\.m2\repository\io\opentelemetry\opentelemetry-exporter-logging\1.19.0\opentelemetry-exporter-logging-1.19.0.jar;C:\Users\Diana Kusuma\.m2\repository\io\opentelemetry\opentelemetry-sdk-metrics\1.19.0\opentelemetry-sdk-metrics-1.19.0.jar;C:\Users\Diana Kusuma\.m2\repository\io\opentelemetry\opentelemetry-sdk-logs\1.19.0-alpha\opentelemetry-sdk-logs-1.19.0-alpha.jar;C:\Users\Diana Kusuma\.m2\repository\io\opentelemetry\opentelemetry-api-logs\1.19.0-alpha\opentelemetry-api-logs-1.19.0-alpha.jar;C:\Users\Diana Kusuma\.m2\repository\io\opentelemetry\opentelemetry-sdk-common\1.19.0\opentelemetry-sdk-common-1.19.0.jar;C:\Users\Diana Kusuma\.m2\repository\io\opentelemetry\opentelemetry-sdk-extension-autoconfigure-spi\1.19.0\opentelemetry-sdk-extension-autoconfigure-spi-1.19.0.jar;C:\Users\Diana Kusuma\.m2\repository\io\opentelemetry\opentelemetry-sdk-extension-autoconfigure\1.19.0-alpha\opentelemetry-sdk-extension-autoconfigure-1.19.0-alpha.jar;C:\Users\Diana Kusuma\.m2\repository\io\opentelemetry\opentelemetry-exporter-common\1.19.0\opentelemetry-exporter-common-1.19.0.jar;C:\Users\Diana Kusuma\.m2\repository\io\opentelemetry\opentelemetry-sdk-trace\1.19.0\opentelemetry-sdk-trace-1.19.0.jar;C:\Users\Diana Kusuma\.m2\repository\io\opentelemetry\opentelemetry-sdk\1.19.0\opentelemetry-sdk-1.19.0.jar;C:\Users\Diana Kusuma\.m2\repository\io\opentelemetry\opentelemetry-semconv\1.19.0-alpha\opentelemetry-semconv-1.19.0-alpha.jar;C:\Users\Diana Kusuma\.m2\repository\io\ous\jtoml\2.0.0\jtoml-2.0.0.jar;C:\Users\Diana Kusuma\.m2\repository\org\apache\commons\commons-exec\1.3\commons-exec-1.3.jar;C:\Users\Diana Kusuma\.m2\repository\org\asynchttpclient\async-http-client\2.12.3\async-http-client-2.12.3.jar;C:\Users\Diana Kusuma\.m2\repository\org\asynchttpclient\async-http-client-netty-utils\2.12.3\async-http-client-netty-utils-2.12.3.jar;C:\Users\Diana Kusuma\.m2\repository\io\netty\netty-codec-socks\4.1.60.Final\netty-codec-socks-4.1.60.Final.jar;C:\Users\Diana Kusuma\.m2\repository\io\netty\netty-handler-proxy\4.1.60.Final\netty-handler-proxy-4.1.60.Final.jar;C:\Users\Diana Kusuma\.m2\repository\io\netty\netty-transport-native-epoll\4.1.60.Final\netty-transport-native-epoll-4.1.60.Final-linux-x86_64.jar;C:\Users\Diana Kusuma\.m2\repository\io\netty\netty-transport-native-kqueue\4.1.60.Final\netty-transport-native-kqueue-4.1.60.Final-osx-x86_64.jar;C:\Users\Diana Kusuma\.m2\repository\org\reactivestreams\reactive-streams\1.0.3\reactive-streams-1.0.3.jar;C:\Users\Diana Kusuma\.m2\repository\com\typesafe\netty\netty-reactive-streams\2.0.4\netty-reactive-streams-2.0.4.jar;C:\Users\Diana Kusuma\.m2\repository\org\seleniumhq\selenium\selenium-manager\4.7.1\selenium-manager-4.7.1.jar;C:\Users\Diana Kusuma\.m2\repository\org\seleniumhq\selenium\selenium-safari-driver\4.7.1\selenium-safari-driver-4.7.1.jar;C:\Users\Diana Kusuma\.m2\repository\org\seleniumhq\selenium\selenium-api\4.7.1\selenium-api-4.7.1.jar;C:\Users\Diana Kusuma\.m2\repository\org\seleniumhq\selenium\selenium-support\4.7.1\selenium-support-4.7.1.jar;C:\Users\Diana Kusuma\.m2\repository\com\google\auto\service\auto-service-annotations\1.0.1\auto-service-annotations-1.0.1.jar;C:\Users\Diana Kusuma\.m2\repository\com\google\auto\service\auto-service\1.0.1\auto-service-1.0.1.jar;C:\Users\Diana Kusuma\.m2\repository\com\google\auto\auto-common\1.2\auto-common-1.2.jar;C:\Users\Diana Kusuma\.m2\repository\org\seleniumhq\selenium\selenium-json\4.7.1\selenium-json-4.7.1.jar;C:\Users\Diana Kusuma\.m2\repository\org\seleniumhq\selenium\selenium-chrome-driver\4.7.1\selenium-chrome-driver-4.7.1.jar;C:\Users\Diana Kusuma\.m2\repository\org\seleniumhq\selenium\selenium-chromium-driver\4.7.1\selenium-chromium-driver-4.7.1.jar;C:\Users\Diana Kusuma\.m2\repository\org\seleniumhq\selenium\selenium-firefox-driver\4.7.1\selenium-firefox-driver-4.7.1.jar;C:\Users\Diana Kusuma\.m2\repository\org\seleniumhq\selenium\selenium-http\4.7.1\selenium-http-4.7.1.jar;C:\Users\Diana Kusuma\.m2\repository\dev\failsafe\failsafe\3.3.0\failsafe-3.3.0.jar;C:\Users\Diana Kusuma\.m2\repository\org\seleniumhq\selenium\selenium-edge-driver\4.7.1\selenium-edge-driver-4.7.1.jar;C:\Users\Diana Kusuma\.m2\repository\org\seleniumhq\selenium\selenium-ie-driver\4.7.1\selenium-ie-driver-4.7.1.jar;C:\Users\Diana Kusuma\.m2\repository\org\projectlombok\lombok\1.18.20\lombok-1.18.20.jar;C:\Users\Diana Kusuma\.m2\repository\io\appium\java-client\8.3.0\java-client-8.3.0.jar;C:\Users\Diana Kusuma\.m2\repository\commons-validator\commons-validator\1.7\commons-validator-1.7.jar;C:\Users\Diana Kusuma\.m2\repository\commons-digester\commons-digester\2.1\commons-digester-2.1.jar;C:\Users\Diana Kusuma\.m2\repository\org\apache\groovy\groovy\4.0.6\groovy-4.0.6.jar;C:\Users\Diana Kusuma\.m2\repository\net\sf\opencsv\opencsv\2.0\opencsv-2.0.jar;C:\Users\Diana Kusuma\.m2\repository\commons-beanutils\commons-beanutils\1.9.4\commons-beanutils-1.9.4.jar;C:\Users\Diana Kusuma\.m2\repository\org\apache\commons\commons-lang3\3.12.0\commons-lang3-3.12.0.jar;C:\Users\Diana Kusuma\.m2\repository\commons-collections\commons-collections\3.2.2\commons-collections-3.2.2.jar;C:\Users\Diana Kusuma\.m2\repository\org\fluentlenium\fluentlenium-core\0.10.2\fluentlenium-core-0.10.2.jar;C:\Users\Diana Kusuma\.m2\repository\io\github\bonigarcia\webdrivermanager\5.3.0\webdrivermanager-5.3.0.jar;C:\Users\Diana Kusuma\.m2\repository\com\github\docker-java\docker-java\3.2.13\docker-java-3.2.13.jar;C:\Users\Diana Kusuma\.m2\repository\com\github\docker-java\docker-java-core\3.2.13\docker-java-core-3.2.13.jar;C:\Users\Diana Kusuma\.m2\repository\com\github\docker-java\docker-java-api\3.2.13\docker-java-api-3.2.13.jar;C:\Users\Diana Kusuma\.m2\repository\org\apache\commons\commons-compress\1.21\commons-compress-1.21.jar;C:\Users\Diana Kusuma\.m2\repository\org\bouncycastle\bcpkix-jdk15on\1.64\bcpkix-jdk15on-1.64.jar;C:\Users\Diana Kusuma\.m2\repository\org\bouncycastle\bcprov-jdk15on\1.64\bcprov-jdk15on-1.64.jar;C:\Users\Diana Kusuma\.m2\repository\org\slf4j\jcl-over-slf4j\1.7.30\jcl-over-slf4j-1.7.30.jar;C:\Users\Diana Kusuma\.m2\repository\com\github\docker-java\docker-java-transport-httpclient5\3.2.13\docker-java-transport-httpclient5-3.2.13.jar;C:\Users\Diana Kusuma\.m2\repository\com\github\docker-java\docker-java-transport\3.2.13\docker-java-transport-3.2.13.jar;C:\Users\Diana Kusuma\.m2\repository\net\java\dev\jna\jna\5.8.0\jna-5.8.0.jar;C:\Users\Diana Kusuma\.m2\repository\org\brotli\dec\0.1.2\dec-0.1.2.jar;C:\Users\Diana Kusuma\.m2\repository\org\apache\httpcomponents\client5\httpclient5\5.1.3\httpclient5-5.1.3.jar;C:\Users\Diana Kusuma\.m2\repository\org\apache\httpcomponents\core5\httpcore5\5.1.3\httpcore5-5.1.3.jar;C:\Users\Diana Kusuma\.m2\repository\org\apache\httpcomponents\core5\httpcore5-h2\5.1.3\httpcore5-h2-5.1.3.jar;C:\Users\Diana Kusuma\.m2\repository\com\jhlabs\filters\2.0.235\filters-2.0.235.jar;C:\Users\Diana Kusuma\.m2\repository\com\paulhammant\ngwebdriver\1.1.6\ngwebdriver-1.1.6.jar;C:\Users\Diana Kusuma\.m2\repository\joda-time\joda-time\2.8.2\joda-time-2.8.2.jar;C:\Users\Diana Kusuma\.m2\repository\org\hamcrest\hamcrest\2.2\hamcrest-2.2.jar;C:\Users\Diana Kusuma\.m2\repository\com\google\jimfs\jimfs\1.2\jimfs-1.2.jar;C:\Users\Diana Kusuma\.m2\repository\org\mockito\mockito-core\3.3.3\mockito-core-3.3.3.jar;C:\Users\Diana Kusuma\.m2\repository\javax\xml\bind\jaxb-api\2.3.1\jaxb-api-2.3.1.jar;C:\Users\Diana Kusuma\.m2\repository\javax\activation\javax.activation-api\1.2.0\javax.activation-api-1.2.0.jar;C:\Users\Diana Kusuma\.m2\repository\com\sun\xml\bind\jaxb-core\2.3.0.1\jaxb-core-2.3.0.1.jar;C:\Users\Diana Kusuma\.m2\repository\com\sun\xml\bind\jaxb-impl\2.3.3\jaxb-impl-2.3.3.jar;C:\Users\Diana Kusuma\.m2\repository\jakarta\xml\bind\jakarta.xml.bind-api\2.3.3\jakarta.xml.bind-api-2.3.3.jar;C:\Users\Diana Kusuma\.m2\repository\com\sun\activation\jakarta.activation\1.2.2\jakarta.activation-1.2.2.jar;C:\Users\Diana Kusuma\.m2\repository\javax\activation\activation\1.1.1\activation-1.1.1.jar;C:\Users\Diana Kusuma\.m2\repository\net\serenity-bdd\serenity-cucumber\3.5.1\serenity-cucumber-3.5.1.jar;C:\Users\Diana Kusuma\.m2\repository\io\cucumber\cucumber-core\7.8.1\cucumber-core-7.8.1.jar;C:\Users\Diana Kusuma\.m2\repository\io\cucumber\cucumber-gherkin\7.8.1\cucumber-gherkin-7.8.1.jar;C:\Users\Diana Kusuma\.m2\repository\io\cucumber\cucumber-gherkin-messages\7.8.1\cucumber-gherkin-messages-7.8.1.jar;C:\Users\Diana Kusuma\.m2\repository\io\cucumber\gherkin\24.0.0\gherkin-24.0.0.jar;C:\Users\Diana Kusuma\.m2\repository\io\cucumber\messages\19.1.4\messages-19.1.4.jar;C:\Users\Diana Kusuma\.m2\repository\io\cucumber\tag-expressions\4.1.0\tag-expressions-4.1.0.jar;C:\Users\Diana Kusuma\.m2\repository\io\cucumber\cucumber-expressions\16.0.0\cucumber-expressions-16.0.0.jar;C:\Users\Diana Kusuma\.m2\repository\io\cucumber\datatable\7.8.1\datatable-7.8.1.jar;C:\Users\Diana Kusuma\.m2\repository\io\cucumber\cucumber-plugin\7.8.1\cucumber-plugin-7.8.1.jar;C:\Users\Diana Kusuma\.m2\repository\io\cucumber\docstring\7.8.1\docstring-7.8.1.jar;C:\Users\Diana Kusuma\.m2\repository\io\cucumber\html-formatter\20.1.0\html-formatter-20.1.0.jar;C:\Users\Diana Kusuma\.m2\repository\io\cucumber\ci-environment\9.1.0\ci-environment-9.1.0.jar;C:\Users\Diana Kusuma\.m2\repository\io\cucumber\cucumber-java\7.8.1\cucumber-java-7.8.1.jar;C:\Users\Diana Kusuma\.m2\repository\io\cucumber\cucumber-junit\7.8.1\cucumber-junit-7.8.1.jar;C:\Users\Diana Kusuma\.m2\repository\org\apache\commons\commons-csv\1.5\commons-csv-1.5.jar;C:\Users\Diana Kusuma\.m2\repository\net\serenity-bdd\serenity-screenplay\3.5.1\serenity-screenplay-3.5.1.jar;C:\Users\Diana Kusuma\.m2\repository\net\serenity-bdd\serenity-screenplay-webdriver\3.5.1\serenity-screenplay-webdriver-3.5.1.jar;C:\Users\Diana Kusuma\.m2\repository\net\serenity-bdd\serenity-ensure\3.5.1\serenity-ensure-3.5.1.jar;C:\Users\Diana Kusuma\.m2\repository\net\serenity-bdd\serenity-junit\3.5.1\serenity-junit-3.5.1.jar;C:\Users\Diana Kusuma\.m2\repository\org\jetbrains\kotlin\kotlin-stdlib\1.7.21\kotlin-stdlib-1.7.21.jar;C:\Users\Diana Kusuma\.m2\repository\org\jetbrains\kotlin\kotlin-stdlib-common\1.7.21\kotlin-stdlib-common-1.7.21.jar;C:\Users\Diana Kusuma\.m2\repository\org\jetbrains\annotations\13.0\annotations-13.0.jar;C:\Users\Diana Kusuma\.m2\repository\org\junit\platform\junit-platform-launcher\1.8.2\junit-platform-launcher-1.8.2.jar;C:\Users\Diana Kusuma\.m2\repository\org\junit\platform\junit-platform-engine\1.8.2\junit-platform-engine-1.8.2.jar;C:\Users\Diana Kusuma\.m2\repository\org\opentest4j\opentest4j\1.2.0\opentest4j-1.2.0.jar;C:\Users\Diana Kusuma\.m2\repository\org\junit\platform\junit-platform-commons\1.8.2\junit-platform-commons-1.8.2.jar;C:\Users\Diana Kusuma\.m2\repository\org\apiguardian\apiguardian-api\1.1.2\apiguardian-api-1.1.2.jar;C:\Users\Diana Kusuma\.m2\repository\org\junit\jupiter\junit-jupiter-engine\5.8.2\junit-jupiter-engine-5.8.2.jar;C:\Users\Diana Kusuma\.m2\repository\org\junit\jupiter\junit-jupiter-api\5.8.2\junit-jupiter-api-5.8.2.jar;C:\Users\Diana Kusuma\.m2\repository\org\junit\vintage\junit-vintage-engine\5.8.2\junit-vintage-engine-5.8.2.jar;C:\Users\Diana Kusuma\.m2\repository\junit\junit\4.13.2\junit-4.13.2.jar;C:\Users\Diana Kusuma\.m2\repository\org\hamcrest\hamcrest-core\1.3\hamcrest-core-1.3.jar;C:\Users\Diana Kusuma\.m2\repository\ch\qos\logback\logback-classic\1.2.10\logback-classic-1.2.10.jar;C:\Users\Diana Kusuma\.m2\repository\ch\qos\logback\logback-core\1.2.10\logback-core-1.2.10.jar;C:\Users\Diana Kusuma\.m2\repository\org\slf4j\slf4j-api\1.7.32\slf4j-api-1.7.32.jar;C:\Users\Diana Kusuma\.m2\repository\org\assertj\assertj-core\3.23.1\assertj-core-3.23.1.jar;C:\Users\Diana Kusuma\.m2\repository\net\bytebuddy\byte-buddy\1.12.10\byte-buddy-1.12.10.jar;C:\Users\Diana Kusuma\.m2\repository\org\apache\maven\surefire\surefire-junit-platform\3.0.0-M5\surefire-junit-platform-3.0.0-M5.jar;C:\Users\Diana Kusuma\.m2\repository\org\apache\maven\surefire\common-java5\3.0.0-M5\common-java5-3.0.0-M5.jar"/>
    <property name="user.script" value=""/>
    <property name="sun.management.compiler" value="HotSpot 64-Bit Tiered Compilers"/>
    <property name="java.runtime.version" value="17.0.8+9-LTS-211"/>
    <property name="user.name" value="Diana Kusuma"/>
    <property name="path.separator" value=";"/>
    <property name="os.version" value="10.0"/>
    <property name="java.runtime.name" value="Java(TM) SE Runtime Environment"/>
    <property name="file.encoding" value="Cp1252"/>
    <property name="webdriver.base.url" value=""/>
    <property name="java.vm.name" value="Java HotSpot(TM) 64-Bit Server VM"/>
    <property name="localRepository" value="C:\Users\Diana Kusuma\.m2\repository"/>
    <property name="java.vendor.url.bug" value="https://bugreport.java.com/bugreport/"/>
    <property name="java.io.tmpdir" value="C:\Users\DIANAK~1\AppData\Local\Temp\"/>
    <property name="java.version" value="17.0.8"/>
    <property name="user.dir" value="D:\Maven\Project\Soal Prioritas 1 - Linkedin"/>
    <property name="os.arch" value="amd64"/>
    <property name="java.vm.specification.name" value="Java Virtual Machine Specification"/>
    <property name="sun.os.patch.level" value=""/>
    <property name="native.encoding" value="Cp1252"/>
    <property name="java.library.path" value="C:\Program Files\Java\jdk-17\bin;C:\WINDOWS\Sun\Java\bin;C:\WINDOWS\system32;C:\WINDOWS;C:\Program Files\Common Files\Oracle\Java\javapath;C:\Program Files (x86)\Common Files\Oracle\Java\javapath;C:\Program Files\Microsoft\jdk-11.0.12.7-hotspot\bin;C:\Program Files (x86)\Common Files\Intel\Shared Libraries\redist\intel64\compiler;C:\Windows\System32;C:\Windows;C:\Windows\System32\Wbem;C:\Windows\System32\WindowsPowerShell\v1.0\;C:\Windows\System32\OpenSSH\;C:\Program Files (x86)\NVIDIA Corporation\PhysX\Common;C:\Program Files\NVIDIA Corporation\NVIDIA NvDLISR;C:\xampp\apache\bin\instantclient_21_3;C:\xampp\php;C:\ProgramData\ComposerSetup\bin;C:\WINDOWS\system32;C:\WINDOWS;C:\WINDOWS\System32\Wbem;C:\WINDOWS\System32\WindowsPowerShell\v1.0\;C:\WINDOWS\System32\OpenSSH\;C:\Program Files\flutter\bin;C:\Program Files\dotnet\;C:\Program Files\PuTTY\;C:\Program Files\Git\cmd;C:\Users\Diana Kusuma\AppData\Roaming\nvm;C:\Program Files\nodejs;C:\Users\Diana Kusuma\AppData\Local\Pub\Cache\bin;C:\Program Files\Java\jre1.8.0_202\bin;C:\Program Files\Java\jdk1.8.0_202\bin;C:\Program Files\ngrok;C:\Program Files (x86)\dotnet\;C:\Program Files\nodejs\;D:\Maven\apache-maven-3.9.4\bin;D:\Maven\apache-maven-3.9.4\;C:\Program Files\Java\jdk-17\bin;C:\Users\Diana Kusuma\AppData\Local\Programs\Python\Python310\Scripts\;C:\Users\Diana Kusuma\AppData\Local\Programs\Python\Python310\;C:\Users\Diana Kusuma\AppData\Local\Microsoft\WindowsApps;C:\Users\Diana Kusuma\AppData\Local\Programs\Microsoft VS Code\bin;C:\xampp\apache\bin\instantclient_21_3;C:\Users\Diana Kusuma\AppData\Roaming\Composer\vendor\bin;C:\Users\Diana Kusuma\flutter\bin;C:\Users\Diana Kusuma\AppData\Roaming\nvm;C:\Program Files\nodejs;C:\Users\Diana Kusuma\AppData\Local\Pub\Cache\bin;C:\Program Files\Java\jdk1.8.0_202\bin;C:\Program Files\Java\jre1.8.0_202\bin;C:\Program Files\ngrok;C:\Users\Diana Kusuma\AppData\Roaming\npm;C:\Users\Diana Kusuma\AppData\Local\GitHubDesktop\bin;."/>
    <property name="java.vm.info" value="mixed mode"/>
    <property name="java.vendor" value="Oracle Corporation"/>
    <property name="java.vm.version" value="17.0.8+9-LTS-211"/>
    <property name="sun.io.unicode.encoding" value="UnicodeLittle"/>
    <property name="java.class.version" value="61.0"/>
  </properties>
  <testcase name="As a User I can create a Text Post" classname="CreatePost" time="0.689">
    <system-out><![CDATA[00:15:51.792 [main] DEBUG net.thucydides.core.guice.Injectors - Created injector for module net.thucydides.core.guice.ThucydidesModule
00:15:51.980 [main] INFO io.cucumber.core.plugin.SerenityReporter - Running feature from file:///D:/Maven/Project/Soal%20Prioritas%201%20-%20Linkedin/src/test/resources/features/CreatePost.feature
00:15:52.158 [main] DEBUG net.thucydides.core.guice.Injectors - Created injector for module net.thucydides.core.guice.webdriver.WebDriverModule
00:15:52.181 [main] INFO  - 

-------------------------------------------------------------------------------------
     _______. _______ .______       _______ .__   __.  __  .___________.____    ____ 
    /       ||   ____||   _  \     |   ____||  \ |  | |  | |           |\   \  /   / 
   |   (----`|  |__   |  |_)  |    |  |__   |   \|  | |  | `---|  |----` \   \/   /  
    \   \    |   __|  |      /     |   __|  |  . `  | |  |     |  |       \_    _/   
.----)   |   |  |____ |  |\  \----.|  |____ |  |\   | |  |     |  |         |  |     
|_______/    |_______|| _| `._____||_______||__| \__| |__|     |__|         |__|    
                                                                                     
 News and tutorials at http://www.serenity-bdd.info                                  
 Documentation at https://wakaleo.gitbooks.io/the-serenity-book/content/             
 Join the Serenity Community on Gitter: https://gitter.im/serenity-bdd/serenity-core 
 Serenity BDD Support and Training at http://serenity-bdd.info/#/trainingandsupport  
-------------------------------------------------------------------------------------

00:15:52.184 [main] DEBUG net.thucydides.core.steps.StepEventBus - Test suite started for story net.thucydides.core.model.Story@10fbb2c8
00:15:52.189 [main] INFO  - Test Suite Started: Create post
00:15:52.203 [main] INFO io.cucumber.core.plugin.SerenityReporter - Running feature from file:///D:/Maven/Project/Soal%20Prioritas%201%20-%20Linkedin/src/test/resources/features/ReactionPost.feature
00:15:52.210 [main] DEBUG net.thucydides.core.steps.StepEventBus - Test suite started for story net.thucydides.core.model.Story@711d8368
00:15:52.210 [main] INFO  - Test Suite Started: Reaction post
00:15:52.211 [main] INFO io.cucumber.core.plugin.SerenityReporter - Running feature from file:///D:/Maven/Project/Soal%20Prioritas%201%20-%20Linkedin/src/test/resources/features/ScrollUp.feature
00:15:52.216 [main] DEBUG net.thucydides.core.steps.StepEventBus - Test suite started for story net.thucydides.core.model.Story@7478c848
00:15:52.216 [main] INFO  - Test Suite Started: Scroll up
00:15:52.216 [main] INFO io.cucumber.core.plugin.SerenityReporter - Running feature from file:///D:/Maven/Project/Soal%20Prioritas%201%20-%20Linkedin/src/test/resources/features/SortBy.feature
00:15:52.223 [main] DEBUG net.thucydides.core.steps.StepEventBus - Test suite started for story net.thucydides.core.model.Story@91283ce8
00:15:52.224 [main] INFO  - Test Suite Started: Sort by
00:15:52.225 [main] INFO io.cucumber.core.plugin.SerenityReporter - Running feature from file:///D:/Maven/Project/Soal%20Prioritas%201%20-%20Linkedin/src/test/resources/features/CreatePost.feature
00:15:52.229 [main] DEBUG net.thucydides.core.steps.StepEventBus - Test suite started for story net.thucydides.core.model.Story@10fbb2c8
00:15:52.230 [main] INFO  - Test Suite Started: Create post

Scenario: As a User I can create a Text Post                &amp#27;[90m# src/test/resources/features/CreatePost.feature:10&amp#27;[0m
00:15:52.351 [main] INFO io.cucumber.core.plugin.SerenityReporter - Running feature from file:///D:/Maven/Project/Soal%20Prioritas%201%20-%20Linkedin/src/test/resources/features/CreatePost.feature
00:15:52.463 [main] INFO  - 
  _____   ___   ___   _____     ___   _____     _     ___   _____   ___   ___  
 |_   _| | __| / __| |_   _|   / __| |_   _|   /_\   | _ \ |_   _| | __| |   \ 
   | |   | _|  \__ \   | |     \__ \   | |    / _ \  |   /   | |   | _|  | |) |
   |_|   |___| |___/   |_|     |___/   |_|   /_/ \_\ |_|_\   |_|   |___| |___/ 

As a User I can create a Text Post(createpost;as-a-user-i-can-create-a-text-post)
--------------------------------------------------------------------------------
00:15:52.882 [main] DEBUG net.thucydides.core.steps.StepInterceptor - STARTING STEP: AllSteps.iAmOnTheLinkedInHomepage - User on the LinkedIn home page
I am on the LinkedIn home page
00:15:52.884 [main] DEBUG net.thucydides.core.steps.StepInterceptor - STEP DONE: User on the LinkedIn home page
  &amp#27;[32mGiven &amp#27;[0m&amp#27;[32mI am on the LinkedIn homepage&amp#27;[0m                       &amp#27;[90m# starter.stepdefinitions.AllSteps.iAmOnTheLinkedInHomepage()&amp#27;[0m
00:15:52.896 [main] DEBUG net.thucydides.core.steps.StepInterceptor - STARTING STEP: AllSteps.iClickTheCreatePostButton - I click the Create Post button
I click the Create Post button
00:15:52.896 [main] DEBUG net.thucydides.core.steps.StepInterceptor - STEP DONE: I click the Create Post button
  &amp#27;[32mWhen &amp#27;[0m&amp#27;[32mI click the Create Post button&amp#27;[0m                       &amp#27;[90m# starter.stepdefinitions.AllSteps.iClickTheCreatePostButton()&amp#27;[0m
00:15:52.901 [main] DEBUG net.thucydides.core.steps.StepInterceptor - STARTING STEP: AllSteps.iSelectTextAsThePostType - I select Text as the post type
I select Text as the post type
00:15:52.901 [main] DEBUG net.thucydides.core.steps.StepInterceptor - STEP DONE: I select Text as the post type
  &amp#27;[32mAnd &amp#27;[0m&amp#27;[32mI select Text as the post type&amp#27;[0m                        &amp#27;[90m# starter.stepdefinitions.AllSteps.iSelectTextAsThePostType()&amp#27;[0m
00:15:52.906 [main] DEBUG net.thucydides.core.steps.StepInterceptor - STARTING STEP: AllSteps.iEnterTheTextHelloLinkedInInThePostContent - I enter the text Hello, LinkedIn! in the post content
I enter the text Hello, LinkedIn! in the post content
00:15:52.906 [main] DEBUG net.thucydides.core.steps.StepInterceptor - STEP DONE: I enter the text Hello, LinkedIn! in the post content
  &amp#27;[32mAnd &amp#27;[0m&amp#27;[32mI enter the text Hello, LinkedIn! in the post content&amp#27;[0m &amp#27;[90m# starter.stepdefinitions.AllSteps.iEnterTheTextHelloLinkedInInThePostContent()&amp#27;[0m
00:15:52.910 [main] DEBUG net.thucydides.core.steps.StepInterceptor - STARTING STEP: AllSteps.iClickThePostButton - I click the Post button
I click the Post button
00:15:52.910 [main] DEBUG net.thucydides.core.steps.StepInterceptor - STEP DONE: I click the Post button
  &amp#27;[32mAnd &amp#27;[0m&amp#27;[32mI click the Post button&amp#27;[0m                               &amp#27;[90m# starter.stepdefinitions.AllSteps.iClickThePostButton()&amp#27;[0m
00:15:52.914 [main] DEBUG net.thucydides.core.steps.StepInterceptor - STARTING STEP: AllSteps.iClickTheConfirmationButtonToPublishIt - I click the confirmation button to publish it
I click the confirmation button to publish it
00:15:52.914 [main] DEBUG net.thucydides.core.steps.StepInterceptor - STEP DONE: I click the confirmation button to publish it
  &amp#27;[32mAnd &amp#27;[0m&amp#27;[32mI click the confirmation button to publish it&amp#27;[0m         &amp#27;[90m# starter.stepdefinitions.AllSteps.iClickTheConfirmationButtonToPublishIt()&amp#27;[0m
00:15:52.918 [main] DEBUG net.thucydides.core.steps.StepInterceptor - STARTING STEP: AllSteps.iRedirectToThePostOfPublishedTextPost - I redirect to the post of published text post
I redirect to the post of published text post
00:15:52.918 [main] DEBUG net.thucydides.core.steps.StepInterceptor - STEP DONE: I redirect to the post of published text post
  &amp#27;[32mThen &amp#27;[0m&amp#27;[32mI redirect to the post of published text post&amp#27;[0m        &amp#27;[90m# starter.stepdefinitions.AllSteps.iRedirectToThePostOfPublishedTextPost()&amp#27;[0m
00:15:52.922 [main] INFO  - 
  _____   ___   ___   _____     ___     _     ___   ___   ___   ___  
 |_   _| | __| / __| |_   _|   | _ \   /_\   / __| / __| | __| |   \ 
   | |   | _|  \__ \   | |     |  _/  / _ \  \__ \ \__ \ | _|  | |) |
   |_|   |___| |___/   |_|     |_|   /_/ \_\ |___/ |___/ |___| |___/ 

As a User I can create a Text Post
----------------------------------------------------------------------
]]></system-out>
  </testcase>
  <testcase name="As a User I can Post Photos" classname="CreatePost" time="0.054">
    <system-out><![CDATA[
Scenario: As a User I can Post Photos                 &amp#27;[90m# src/test/resources/features/CreatePost.feature:18&amp#27;[0m
00:15:52.937 [main] INFO io.cucumber.core.plugin.SerenityReporter - Running feature from file:///D:/Maven/Project/Soal%20Prioritas%201%20-%20Linkedin/src/test/resources/features/CreatePost.feature
00:15:52.940 [main] INFO  - 
  _____   ___   ___   _____     ___   _____     _     ___   _____   ___   ___  
 |_   _| | __| / __| |_   _|   / __| |_   _|   /_\   | _ \ |_   _| | __| |   \ 
   | |   | _|  \__ \   | |     \__ \   | |    / _ \  |   /   | |   | _|  | |) |
   |_|   |___| |___/   |_|     |___/   |_|   /_/ \_\ |_|_\   |_|   |___| |___/ 

As a User I can Post Photos(createpost;as-a-user-i-can-post-photos)
--------------------------------------------------------------------------------
00:15:52.953 [main] DEBUG net.thucydides.core.steps.StepInterceptor - STARTING STEP: AllSteps.iAmOnTheLinkedInHomepage - User on the LinkedIn home page
I am on the LinkedIn home page
00:15:52.953 [main] DEBUG net.thucydides.core.steps.StepInterceptor - STEP DONE: User on the LinkedIn home page
  &amp#27;[32mGiven &amp#27;[0m&amp#27;[32mI am on the LinkedIn homepage&amp#27;[0m                 &amp#27;[90m# starter.stepdefinitions.AllSteps.iAmOnTheLinkedInHomepage()&amp#27;[0m
00:15:52.959 [main] DEBUG net.thucydides.core.steps.StepInterceptor - STARTING STEP: AllSteps.iClickTheCreatePostButton - I click the Create Post button
I click the Create Post button
00:15:52.959 [main] DEBUG net.thucydides.core.steps.StepInterceptor - STEP DONE: I click the Create Post button
  &amp#27;[32mWhen &amp#27;[0m&amp#27;[32mI click the Create Post button&amp#27;[0m                 &amp#27;[90m# starter.stepdefinitions.AllSteps.iClickTheCreatePostButton()&amp#27;[0m
00:15:52.962 [main] DEBUG net.thucydides.core.steps.StepInterceptor - STARTING STEP: AllSteps.iSelectPhotoAsThePostType - I select Photo as the post type
I select Photo as the post type
00:15:52.962 [main] DEBUG net.thucydides.core.steps.StepInterceptor - STEP DONE: I select Photo as the post type
  &amp#27;[32mAnd &amp#27;[0m&amp#27;[32mI select Photo as the post type&amp#27;[0m                 &amp#27;[90m# starter.stepdefinitions.AllSteps.iSelectPhotoAsThePostType()&amp#27;[0m
00:15:52.966 [main] DEBUG net.thucydides.core.steps.StepInterceptor - STARTING STEP: AllSteps.iAttachAPhotoToThePost - I attach a photo to the post
I attach a photo to the post
00:15:52.966 [main] DEBUG net.thucydides.core.steps.StepInterceptor - STEP DONE: I attach a photo to the post
  &amp#27;[32mAnd &amp#27;[0m&amp#27;[32mI attach a photo to the post&amp#27;[0m                    &amp#27;[90m# starter.stepdefinitions.AllSteps.iAttachAPhotoToThePost()&amp#27;[0m
00:15:52.970 [main] DEBUG net.thucydides.core.steps.StepInterceptor - STARTING STEP: AllSteps.iAddCaptionsToThePhotoPost - I add captions to the photo post
I add captions to the photo post
00:15:52.970 [main] DEBUG net.thucydides.core.steps.StepInterceptor - STEP DONE: I add captions to the photo post
  &amp#27;[32mAnd &amp#27;[0m&amp#27;[32mI add captions to the photo post&amp#27;[0m                &amp#27;[90m# starter.stepdefinitions.AllSteps.iAddCaptionsToThePhotoPost()&amp#27;[0m
00:15:52.975 [main] DEBUG net.thucydides.core.steps.StepInterceptor - STARTING STEP: AllSteps.iClickTheConfirmationButtonToPublishIt - I click the confirmation button to publish it
I click the confirmation button to publish it
00:15:52.975 [main] DEBUG net.thucydides.core.steps.StepInterceptor - STEP DONE: I click the confirmation button to publish it
  &amp#27;[32mAnd &amp#27;[0m&amp#27;[32mI click the confirmation button to publish it&amp#27;[0m   &amp#27;[90m# starter.stepdefinitions.AllSteps.iClickTheConfirmationButtonToPublishIt()&amp#27;[0m
00:15:52.978 [main] DEBUG net.thucydides.core.steps.StepInterceptor - STARTING STEP: AllSteps.iRedirectToThePostOfPublishedPhotoPost - I redirect to the post of published photo post
I redirect to the post of published photo post
00:15:52.979 [main] DEBUG net.thucydides.core.steps.StepInterceptor - STEP DONE: I redirect to the post of published photo post
  &amp#27;[32mThen &amp#27;[0m&amp#27;[32mI redirect to the post of published photo post&amp#27;[0m &amp#27;[90m# starter.stepdefinitions.AllSteps.iRedirectToThePostOfPublishedPhotoPost()&amp#27;[0m
00:15:52.980 [main] INFO  - 
  _____   ___   ___   _____     ___     _     ___   ___   ___   ___  
 |_   _| | __| / __| |_   _|   | _ \   /_\   / __| / __| | __| |   \ 
   | |   | _|  \__ \   | |     |  _/  / _ \  \__ \ \__ \ | _|  | |) |
   |_|   |___| |___/   |_|     |_|   /_/ \_\ |___/ |___/ |___| |___/ 

As a User I can Post Photos
----------------------------------------------------------------------
]]></system-out>
  </testcase>
  <testcase name="As a User I can Post Video" classname="CreatePost" time="0.046">
    <system-out><![CDATA[
Scenario: As a User I can Post Video                  &amp#27;[90m# src/test/resources/features/CreatePost.feature:26&amp#27;[0m
00:15:52.990 [main] INFO io.cucumber.core.plugin.SerenityReporter - Running feature from file:///D:/Maven/Project/Soal%20Prioritas%201%20-%20Linkedin/src/test/resources/features/CreatePost.feature
00:15:52.992 [main] INFO  - 
  _____   ___   ___   _____     ___   _____     _     ___   _____   ___   ___  
 |_   _| | __| / __| |_   _|   / __| |_   _|   /_\   | _ \ |_   _| | __| |   \ 
   | |   | _|  \__ \   | |     \__ \   | |    / _ \  |   /   | |   | _|  | |) |
   |_|   |___| |___/   |_|     |___/   |_|   /_/ \_\ |_|_\   |_|   |___| |___/ 

As a User I can Post Video(createpost;as-a-user-i-can-post-video)
--------------------------------------------------------------------------------
00:15:53.005 [main] DEBUG net.thucydides.core.steps.StepInterceptor - STARTING STEP: AllSteps.iAmOnTheLinkedInHomepage - User on the LinkedIn home page
I am on the LinkedIn home page
00:15:53.005 [main] DEBUG net.thucydides.core.steps.StepInterceptor - STEP DONE: User on the LinkedIn home page
  &amp#27;[32mGiven &amp#27;[0m&amp#27;[32mI am on the LinkedIn homepage&amp#27;[0m                 &amp#27;[90m# starter.stepdefinitions.AllSteps.iAmOnTheLinkedInHomepage()&amp#27;[0m
00:15:53.008 [main] DEBUG net.thucydides.core.steps.StepInterceptor - STARTING STEP: AllSteps.iClickTheCreatePostButton - I click the Create Post button
I click the Create Post button
00:15:53.008 [main] DEBUG net.thucydides.core.steps.StepInterceptor - STEP DONE: I click the Create Post button
  &amp#27;[32mWhen &amp#27;[0m&amp#27;[32mI click the Create Post button&amp#27;[0m                 &amp#27;[90m# starter.stepdefinitions.AllSteps.iClickTheCreatePostButton()&amp#27;[0m
00:15:53.011 [main] DEBUG net.thucydides.core.steps.StepInterceptor - STARTING STEP: AllSteps.iSelectVideoAsThePostType - I select Video as the post type
I select Video as the post type
00:15:53.011 [main] DEBUG net.thucydides.core.steps.StepInterceptor - STEP DONE: I select Video as the post type
  &amp#27;[32mAnd &amp#27;[0m&amp#27;[32mI select Video as the post type&amp#27;[0m                 &amp#27;[90m# starter.stepdefinitions.AllSteps.iSelectVideoAsThePostType()&amp#27;[0m
00:15:53.015 [main] DEBUG net.thucydides.core.steps.StepInterceptor - STARTING STEP: AllSteps.iUploadAVideoFile - I upload a video file
I upload a video file
00:15:53.015 [main] DEBUG net.thucydides.core.steps.StepInterceptor - STEP DONE: I upload a video file
  &amp#27;[32mAnd &amp#27;[0m&amp#27;[32mI upload a video file&amp#27;[0m                           &amp#27;[90m# starter.stepdefinitions.AllSteps.iUploadAVideoFile()&amp#27;[0m
00:15:53.019 [main] DEBUG net.thucydides.core.steps.StepInterceptor - STARTING STEP: AllSteps.iAddCaptionsToTheVideoPost - I add captions to the video post
I add captions to the video post
00:15:53.020 [main] DEBUG net.thucydides.core.steps.StepInterceptor - STEP DONE: I add captions to the video post
  &amp#27;[32mAnd &amp#27;[0m&amp#27;[32mI add captions to the video post&amp#27;[0m                &amp#27;[90m# starter.stepdefinitions.AllSteps.iAddCaptionsToTheVideoPost()&amp#27;[0m
00:15:53.022 [main] DEBUG net.thucydides.core.steps.StepInterceptor - STARTING STEP: AllSteps.iClickTheConfirmationButtonToPublishIt - I click the confirmation button to publish it
I click the confirmation button to publish it
00:15:53.023 [main] DEBUG net.thucydides.core.steps.StepInterceptor - STEP DONE: I click the confirmation button to publish it
  &amp#27;[32mAnd &amp#27;[0m&amp#27;[32mI click the confirmation button to publish it&amp#27;[0m   &amp#27;[90m# starter.stepdefinitions.AllSteps.iClickTheConfirmationButtonToPublishIt()&amp#27;[0m
00:15:53.025 [main] DEBUG net.thucydides.core.steps.StepInterceptor - STARTING STEP: AllSteps.iRedirectToThePostOfPublishedVideoPost - I redirect to the post of published video post
I redirect to the post of published video post
00:15:53.025 [main] DEBUG net.thucydides.core.steps.StepInterceptor - STEP DONE: I redirect to the post of published video post
  &amp#27;[32mThen &amp#27;[0m&amp#27;[32mI redirect to the post of published video post&amp#27;[0m &amp#27;[90m# starter.stepdefinitions.AllSteps.iRedirectToThePostOfPublishedVideoPost()&amp#27;[0m
00:15:53.026 [main] INFO  - 
  _____   ___   ___   _____     ___     _     ___   ___   ___   ___  
 |_   _| | __| / __| |_   _|   | _ \   /_\   / __| / __| | __| |   \ 
   | |   | _|  \__ \   | |     |  _/  / _ \  \__ \ \__ \ | _|  | |) |
   |_|   |___| |___/   |_|     |_|   /_/ \_\ |___/ |___/ |___| |___/ 

As a User I can Post Video
----------------------------------------------------------------------
]]></system-out>
  </testcase>
  <testcase name="As a User I can Create a Article Post" classname="CreatePost" time="0.048">
    <system-out><![CDATA[
Scenario: As a User I can Create a Article Post         &amp#27;[90m# src/test/resources/features/CreatePost.feature:34&amp#27;[0m
00:15:53.037 [main] INFO io.cucumber.core.plugin.SerenityReporter - Running feature from file:///D:/Maven/Project/Soal%20Prioritas%201%20-%20Linkedin/src/test/resources/features/CreatePost.feature
00:15:53.039 [main] INFO  - 
  _____   ___   ___   _____     ___   _____     _     ___   _____   ___   ___  
 |_   _| | __| / __| |_   _|   / __| |_   _|   /_\   | _ \ |_   _| | __| |   \ 
   | |   | _|  \__ \   | |     \__ \   | |    / _ \  |   /   | |   | _|  | |) |
   |_|   |___| |___/   |_|     |___/   |_|   /_/ \_\ |_|_\   |_|   |___| |___/ 

As a User I can Create a Article Post(createpost;as-a-user-i-can-create-a-article-post)
--------------------------------------------------------------------------------
00:15:53.048 [main] DEBUG net.thucydides.core.steps.StepInterceptor - STARTING STEP: AllSteps.iAmOnTheLinkedInHomepage - User on the LinkedIn home page
I am on the LinkedIn home page
00:15:53.048 [main] DEBUG net.thucydides.core.steps.StepInterceptor - STEP DONE: User on the LinkedIn home page
  &amp#27;[32mGiven &amp#27;[0m&amp#27;[32mI am on the LinkedIn homepage&amp#27;[0m                   &amp#27;[90m# starter.stepdefinitions.AllSteps.iAmOnTheLinkedInHomepage()&amp#27;[0m
00:15:53.051 [main] DEBUG net.thucydides.core.steps.StepInterceptor - STARTING STEP: AllSteps.iClickTheCreatePostButton - I click the Create Post button
I click the Create Post button
00:15:53.051 [main] DEBUG net.thucydides.core.steps.StepInterceptor - STEP DONE: I click the Create Post button
  &amp#27;[32mWhen &amp#27;[0m&amp#27;[32mI click the Create Post button&amp#27;[0m                   &amp#27;[90m# starter.stepdefinitions.AllSteps.iClickTheCreatePostButton()&amp#27;[0m
00:15:53.054 [main] DEBUG net.thucydides.core.steps.StepInterceptor - STARTING STEP: AllSteps.iSelectArticleAsThePostType - I select Article as the post type
I select Article as the post type
00:15:53.054 [main] DEBUG net.thucydides.core.steps.StepInterceptor - STEP DONE: I select Article as the post type
  &amp#27;[32mAnd &amp#27;[0m&amp#27;[32mI select Article as the post type&amp#27;[0m                 &amp#27;[90m# starter.stepdefinitions.AllSteps.iSelectArticleAsThePostType()&amp#27;[0m
00:15:53.058 [main] DEBUG net.thucydides.core.steps.StepInterceptor - STARTING STEP: AllSteps.iEnterTheArticleTitle - I enter the article title
I enter the article title
00:15:53.058 [main] DEBUG net.thucydides.core.steps.StepInterceptor - STEP DONE: I enter the article title
  &amp#27;[32mAnd &amp#27;[0m&amp#27;[32mI enter the article title&amp#27;[0m                         &amp#27;[90m# starter.stepdefinitions.AllSteps.iEnterTheArticleTitle()&amp#27;[0m
00:15:53.062 [main] DEBUG net.thucydides.core.steps.StepInterceptor - STARTING STEP: AllSteps.iWriteTheArticleContent - I write the article content
I write the article content
00:15:53.063 [main] DEBUG net.thucydides.core.steps.StepInterceptor - STEP DONE: I write the article content
  &amp#27;[32mAnd &amp#27;[0m&amp#27;[32mI write the article content&amp#27;[0m                       &amp#27;[90m# starter.stepdefinitions.AllSteps.iWriteTheArticleContent()&amp#27;[0m
00:15:53.066 [main] DEBUG net.thucydides.core.steps.StepInterceptor - STARTING STEP: AllSteps.iClickTheNextButtonWithinTheArticleEditor - I click the next button within the article editor
I click the next button within the article editor
00:15:53.067 [main] DEBUG net.thucydides.core.steps.StepInterceptor - STEP DONE: I click the next button within the article editor
  &amp#27;[32mAnd &amp#27;[0m&amp#27;[32mI click the next button within the article editor&amp#27;[0m &amp#27;[90m# starter.stepdefinitions.AllSteps.iClickTheNextButtonWithinTheArticleEditor()&amp#27;[0m
00:15:53.070 [main] DEBUG net.thucydides.core.steps.StepInterceptor - STARTING STEP: AllSteps.iClickTheConfirmationButtonToPublishIt - I click the confirmation button to publish it
I click the confirmation button to publish it
00:15:53.071 [main] DEBUG net.thucydides.core.steps.StepInterceptor - STEP DONE: I click the confirmation button to publish it
  &amp#27;[32mAnd &amp#27;[0m&amp#27;[32mI click the confirmation button to publish it&amp#27;[0m     &amp#27;[90m# starter.stepdefinitions.AllSteps.iClickTheConfirmationButtonToPublishIt()&amp#27;[0m
00:15:53.073 [main] DEBUG net.thucydides.core.steps.StepInterceptor - STARTING STEP: AllSteps.iRedirectToThePostOfPublishedArticlePost - I redirect to the post of published article post
I redirect to the post of published article post
00:15:53.073 [main] DEBUG net.thucydides.core.steps.StepInterceptor - STEP DONE: I redirect to the post of published article post
  &amp#27;[32mThen &amp#27;[0m&amp#27;[32mI redirect to the post of published article post&amp#27;[0m &amp#27;[90m# starter.stepdefinitions.AllSteps.iRedirectToThePostOfPublishedArticlePost()&amp#27;[0m
00:15:53.075 [main] INFO  - 
  _____   ___   ___   _____     ___     _     ___   ___   ___   ___  
 |_   _| | __| / __| |_   _|   | _ \   /_\   / __| / __| | __| |   \ 
   | |   | _|  \__ \   | |     |  _/  / _ \  \__ \ \__ \ | _|  | |) |
   |_|   |___| |___/   |_|     |_|   /_/ \_\ |___/ |___/ |___| |___/ 

As a User I can Create a Article Post
----------------------------------------------------------------------
]]></system-out>
  </testcase>
  <testcase name="As a User I can Create a Program Post" classname="CreatePost" time="0.061">
    <system-out><![CDATA[
Scenario: As a User I can Create a Program Post         &amp#27;[90m# src/test/resources/features/CreatePost.feature:43&amp#27;[0m
00:15:53.085 [main] INFO io.cucumber.core.plugin.SerenityReporter - Running feature from file:///D:/Maven/Project/Soal%20Prioritas%201%20-%20Linkedin/src/test/resources/features/CreatePost.feature
00:15:53.088 [main] INFO  - 
  _____   ___   ___   _____     ___   _____     _     ___   _____   ___   ___  
 |_   _| | __| / __| |_   _|   / __| |_   _|   /_\   | _ \ |_   _| | __| |   \ 
   | |   | _|  \__ \   | |     \__ \   | |    / _ \  |   /   | |   | _|  | |) |
   |_|   |___| |___/   |_|     |___/   |_|   /_/ \_\ |_|_\   |_|   |___| |___/ 

As a User I can Create a Program Post(createpost;as-a-user-i-can-create-a-program-post)
--------------------------------------------------------------------------------
00:15:53.097 [main] DEBUG net.thucydides.core.steps.StepInterceptor - STARTING STEP: AllSteps.iAmOnTheLinkedInHomepage - User on the LinkedIn home page
I am on the LinkedIn home page
00:15:53.097 [main] DEBUG net.thucydides.core.steps.StepInterceptor - STEP DONE: User on the LinkedIn home page
  &amp#27;[32mGiven &amp#27;[0m&amp#27;[32mI am on the LinkedIn homepage&amp#27;[0m                   &amp#27;[90m# starter.stepdefinitions.AllSteps.iAmOnTheLinkedInHomepage()&amp#27;[0m
00:15:53.099 [main] DEBUG net.thucydides.core.steps.StepInterceptor - STARTING STEP: AllSteps.iClickTheCreateProgramButton - I click the Create program button
I click the Create program button
00:15:53.099 [main] DEBUG net.thucydides.core.steps.StepInterceptor - STEP DONE: I click the Create program button
  &amp#27;[32mWhen &amp#27;[0m&amp#27;[32mI click the Create program button&amp#27;[0m                &amp#27;[90m# starter.stepdefinitions.AllSteps.iClickTheCreateProgramButton()&amp#27;[0m
00:15:53.102 [main] DEBUG net.thucydides.core.steps.StepInterceptor - STARTING STEP: AllSteps.iSelectTheProgramType - I select the program type
I select the program type
00:15:53.102 [main] DEBUG net.thucydides.core.steps.StepInterceptor - STEP DONE: I select the program type
  &amp#27;[32mAnd &amp#27;[0m&amp#27;[32mI select the program type&amp#27;[0m                         &amp#27;[90m# starter.stepdefinitions.AllSteps.iSelectTheProgramType()&amp#27;[0m
00:15:53.105 [main] DEBUG net.thucydides.core.steps.StepInterceptor - STARTING STEP: AllSteps.iSelectTheProgramFormat - I select the program format
I select the program format
00:15:53.105 [main] DEBUG net.thucydides.core.steps.StepInterceptor - STEP DONE: I select the program format
  &amp#27;[32mAnd &amp#27;[0m&amp#27;[32mI select the program format&amp#27;[0m                       &amp#27;[90m# starter.stepdefinitions.AllSteps.iSelectTheProgramFormat()&amp#27;[0m
00:15:53.108 [main] DEBUG net.thucydides.core.steps.StepInterceptor - STARTING STEP: AllSteps.iWriteTheProgramTitle - I write the program title
I write the program title
00:15:53.108 [main] DEBUG net.thucydides.core.steps.StepInterceptor - STEP DONE: I write the program title
  &amp#27;[32mAnd &amp#27;[0m&amp#27;[32mI write the program title&amp#27;[0m                         &amp#27;[90m# starter.stepdefinitions.AllSteps.iWriteTheProgramTitle()&amp#27;[0m
00:15:53.112 [main] DEBUG net.thucydides.core.steps.StepInterceptor - STARTING STEP: AllSteps.iSelectTheProgramZone - I select the program zone
I select the program zone
00:15:53.112 [main] DEBUG net.thucydides.core.steps.StepInterceptor - STEP DONE: I select the program zone
  &amp#27;[32mAnd &amp#27;[0m&amp#27;[32mI select the program zone&amp#27;[0m                         &amp#27;[90m# starter.stepdefinitions.AllSteps.iSelectTheProgramZone()&amp#27;[0m
00:15:53.114 [main] DEBUG net.thucydides.core.steps.StepInterceptor - STARTING STEP: AllSteps.iChooseTheProgramStartedDate - I choose the program started date
I choose the program started date
00:15:53.114 [main] DEBUG net.thucydides.core.steps.StepInterceptor - STEP DONE: I choose the program started date
  &amp#27;[32mAnd &amp#27;[0m&amp#27;[32mI choose the program started date&amp#27;[0m                 &amp#27;[90m# starter.stepdefinitions.AllSteps.iChooseTheProgramStartedDate()&amp#27;[0m
00:15:53.117 [main] DEBUG net.thucydides.core.steps.StepInterceptor - STARTING STEP: AllSteps.iChooseTheProgramStartedTime - I choose the program started time
I choose the program started time
00:15:53.117 [main] DEBUG net.thucydides.core.steps.StepInterceptor - STEP DONE: I choose the program started time
  &amp#27;[32mAnd &amp#27;[0m&amp#27;[32mI choose the program started time&amp#27;[0m                 &amp#27;[90m# starter.stepdefinitions.AllSteps.iChooseTheProgramStartedTime()&amp#27;[0m
00:15:53.119 [main] DEBUG net.thucydides.core.steps.StepInterceptor - STARTING STEP: AllSteps.iClickCheckboxForAddEndedDateAndTime - I click checkbox for add ended date and time
System.out.println
00:15:53.120 [main] DEBUG net.thucydides.core.steps.StepInterceptor - STEP DONE: I click checkbox for add ended date and time
  &amp#27;[32mAnd &amp#27;[0m&amp#27;[32mI click checkbox for add ended date and time&amp#27;[0m      &amp#27;[90m# starter.stepdefinitions.AllSteps.iClickCheckboxForAddEndedDateAndTime()&amp#27;[0m
00:15:53.122 [main] DEBUG net.thucydides.core.steps.StepInterceptor - STARTING STEP: AllSteps.iChooseTheProgramEndedDate - I choose the program ended date
I choose the program ended date
00:15:53.122 [main] DEBUG net.thucydides.core.steps.StepInterceptor - STEP DONE: I choose the program ended date
  &amp#27;[32mAnd &amp#27;[0m&amp#27;[32mI choose the program ended date&amp#27;[0m                   &amp#27;[90m# starter.stepdefinitions.AllSteps.iChooseTheProgramEndedDate()&amp#27;[0m
00:15:53.124 [main] DEBUG net.thucydides.core.steps.StepInterceptor - STARTING STEP: AllSteps.iChooseTheProgramEndedTime - I choose the program ended time
I choose the program ended time
00:15:53.124 [main] DEBUG net.thucydides.core.steps.StepInterceptor - STEP DONE: I choose the program ended time
  &amp#27;[32mAnd &amp#27;[0m&amp#27;[32mI choose the program ended time&amp#27;[0m                   &amp#27;[90m# starter.stepdefinitions.AllSteps.iChooseTheProgramEndedTime()&amp#27;[0m
00:15:53.126 [main] DEBUG net.thucydides.core.steps.StepInterceptor - STARTING STEP: AllSteps.iWriteTheDescriptionProgram - I write the description program
I write the description program
00:15:53.126 [main] DEBUG net.thucydides.core.steps.StepInterceptor - STEP DONE: I write the description program
  &amp#27;[32mAnd &amp#27;[0m&amp#27;[32mI write the description program&amp#27;[0m                   &amp#27;[90m# starter.stepdefinitions.AllSteps.iWriteTheDescriptionProgram()&amp#27;[0m
00:15:53.129 [main] DEBUG net.thucydides.core.steps.StepInterceptor - STARTING STEP: AllSteps.iTagASpokesman - I tag a spokesman
I tag a spokesman
00:15:53.129 [main] DEBUG net.thucydides.core.steps.StepInterceptor - STEP DONE: I tag a spokesman
  &amp#27;[32mAnd &amp#27;[0m&amp#27;[32mI tag a spokesman&amp#27;[0m                                 &amp#27;[90m# starter.stepdefinitions.AllSteps.iTagASpokesman()&amp#27;[0m
00:15:53.131 [main] DEBUG net.thucydides.core.steps.StepInterceptor - STARTING STEP: AllSteps.iClickTheNextButton - I click the next button
I click the next button
00:15:53.131 [main] DEBUG net.thucydides.core.steps.StepInterceptor - STEP DONE: I click the next button
  &amp#27;[32mAnd &amp#27;[0m&amp#27;[32mI click the next button&amp#27;[0m                           &amp#27;[90m# starter.stepdefinitions.AllSteps.iClickTheNextButton()&amp#27;[0m
00:15:53.133 [main] DEBUG net.thucydides.core.steps.StepInterceptor - STARTING STEP: AllSteps.iClickTheConfirmationButtonToPublishIt - I click the confirmation button to publish it
I click the confirmation button to publish it
00:15:53.133 [main] DEBUG net.thucydides.core.steps.StepInterceptor - STEP DONE: I click the confirmation button to publish it
  &amp#27;[32mAnd &amp#27;[0m&amp#27;[32mI click the confirmation button to publish it&amp#27;[0m     &amp#27;[90m# starter.stepdefinitions.AllSteps.iClickTheConfirmationButtonToPublishIt()&amp#27;[0m
00:15:53.135 [main] DEBUG net.thucydides.core.steps.StepInterceptor - STARTING STEP: AllSteps.iRedirectToThePostOfPublishedProgramPost - I redirect to the post of published program post
I redirect to the post of published program post
00:15:53.136 [main] DEBUG net.thucydides.core.steps.StepInterceptor - STEP DONE: I redirect to the post of published program post
  &amp#27;[32mThen &amp#27;[0m&amp#27;[32mI redirect to the post of published program post&amp#27;[0m &amp#27;[90m# starter.stepdefinitions.AllSteps.iRedirectToThePostOfPublishedProgramPost()&amp#27;[0m
00:15:53.137 [main] INFO  - 
  _____   ___   ___   _____     ___     _     ___   ___   ___   ___  
 |_   _| | __| / __| |_   _|   | _ \   /_\   / __| / __| | __| |   \ 
   | |   | _|  \__ \   | |     |  _/  / _ \  \__ \ \__ \ | _|  | |) |
   |_|   |___| |___/   |_|     |_|   /_/ \_\ |___/ |___/ |___| |___/ 

As a User I can Create a Program Post
----------------------------------------------------------------------
]]></system-out>
  </testcase>
  <testcase name="As a User I can like Posts" classname="ReactionPost" time="0.031">
    <system-out><![CDATA[00:15:53.139 [main] INFO io.cucumber.core.plugin.SerenityReporter - Running feature from file:///D:/Maven/Project/Soal%20Prioritas%201%20-%20Linkedin/src/test/resources/features/ReactionPost.feature
00:15:53.142 [main] DEBUG net.thucydides.core.steps.StepEventBus - Test suite started for story net.thucydides.core.model.Story@711d8368
00:15:53.143 [main] INFO  - Test Suite Started: Reaction post

Scenario: As a User I can like Posts  &amp#27;[90m# src/test/resources/features/ReactionPost.feature:10&amp#27;[0m
00:15:53.152 [main] INFO io.cucumber.core.plugin.SerenityReporter - Running feature from file:///D:/Maven/Project/Soal%20Prioritas%201%20-%20Linkedin/src/test/resources/features/ReactionPost.feature
00:15:53.153 [main] INFO  - 
  _____   ___   ___   _____     ___   _____     _     ___   _____   ___   ___  
 |_   _| | __| / __| |_   _|   / __| |_   _|   /_\   | _ \ |_   _| | __| |   \ 
   | |   | _|  \__ \   | |     \__ \   | |    / _ \  |   /   | |   | _|  | |) |
   |_|   |___| |___/   |_|     |___/   |_|   /_/ \_\ |_|_\   |_|   |___| |___/ 

As a User I can like Posts(reactionpost;as-a-user-i-can-like-posts)
--------------------------------------------------------------------------------
00:15:53.164 [main] DEBUG net.thucydides.core.steps.StepInterceptor - STARTING STEP: AllSteps.iAmOnTheLinkedInHomepage - User on the LinkedIn home page
I am on the LinkedIn home page
00:15:53.164 [main] DEBUG net.thucydides.core.steps.StepInterceptor - STEP DONE: User on the LinkedIn home page
  &amp#27;[32mGiven &amp#27;[0m&amp#27;[32mI am on the LinkedIn homepage&amp#27;[0m &amp#27;[90m# starter.stepdefinitions.AllSteps.iAmOnTheLinkedInHomepage()&amp#27;[0m
00:15:53.168 [main] DEBUG net.thucydides.core.steps.StepInterceptor - STARTING STEP: AllSteps.iSeeThePostThatILike - I see the post that i like
I see the post that i like
00:15:53.168 [main] DEBUG net.thucydides.core.steps.StepInterceptor - STEP DONE: I see the post that i like
  &amp#27;[32mWhen &amp#27;[0m&amp#27;[32mI see the post that i like&amp#27;[0m     &amp#27;[90m# starter.stepdefinitions.AllSteps.iSeeThePostThatILike()&amp#27;[0m
00:15:53.171 [main] DEBUG net.thucydides.core.steps.StepInterceptor - STARTING STEP: AllSteps.iClickIconLikeInThatPosts - I click icon like in that posts
I click icon like in that posts
00:15:53.171 [main] DEBUG net.thucydides.core.steps.StepInterceptor - STEP DONE: I click icon like in that posts
  &amp#27;[32mAnd &amp#27;[0m&amp#27;[32mI click icon like in that posts&amp#27;[0m &amp#27;[90m# starter.stepdefinitions.AllSteps.iClickIconLikeInThatPosts()&amp#27;[0m
00:15:53.174 [main] DEBUG net.thucydides.core.steps.StepInterceptor - STARTING STEP: AllSteps.thePostsSuccessfullyLiked - the posts successfully liked
the posts successfully liked
00:15:53.174 [main] DEBUG net.thucydides.core.steps.StepInterceptor - STEP DONE: the posts successfully liked
  &amp#27;[32mThen &amp#27;[0m&amp#27;[32mthe posts successfully liked&amp#27;[0m   &amp#27;[90m# starter.stepdefinitions.AllSteps.thePostsSuccessfullyLiked()&amp#27;[0m
00:15:53.175 [main] INFO  - 
  _____   ___   ___   _____     ___     _     ___   ___   ___   ___  
 |_   _| | __| / __| |_   _|   | _ \   /_\   / __| / __| | __| |   \ 
   | |   | _|  \__ \   | |     |  _/  / _ \  \__ \ \__ \ | _|  | |) |
   |_|   |___| |___/   |_|     |_|   /_/ \_\ |___/ |___/ |___| |___/ 

As a User I can like Posts
----------------------------------------------------------------------
]]></system-out>
  </testcase>
  <testcase name="As a User I can comment Posts" classname="ReactionPost" time="0.037">
    <system-out><![CDATA[
Scenario: As a User I can comment Posts            &amp#27;[90m# src/test/resources/features/ReactionPost.feature:15&amp#27;[0m
00:15:53.184 [main] INFO io.cucumber.core.plugin.SerenityReporter - Running feature from file:///D:/Maven/Project/Soal%20Prioritas%201%20-%20Linkedin/src/test/resources/features/ReactionPost.feature
00:15:53.185 [main] INFO  - 
  _____   ___   ___   _____     ___   _____     _     ___   _____   ___   ___  
 |_   _| | __| / __| |_   _|   / __| |_   _|   /_\   | _ \ |_   _| | __| |   \ 
   | |   | _|  \__ \   | |     \__ \   | |    / _ \  |   /   | |   | _|  | |) |
   |_|   |___| |___/   |_|     |___/   |_|   /_/ \_\ |_|_\   |_|   |___| |___/ 

As a User I can comment Posts(reactionpost;as-a-user-i-can-comment-posts)
--------------------------------------------------------------------------------
00:15:53.199 [main] DEBUG net.thucydides.core.steps.StepInterceptor - STARTING STEP: AllSteps.iAmOnTheLinkedInHomepage - User on the LinkedIn home page
I am on the LinkedIn home page
00:15:53.200 [main] DEBUG net.thucydides.core.steps.StepInterceptor - STEP DONE: User on the LinkedIn home page
  &amp#27;[32mGiven &amp#27;[0m&amp#27;[32mI am on the LinkedIn homepage&amp#27;[0m              &amp#27;[90m# starter.stepdefinitions.AllSteps.iAmOnTheLinkedInHomepage()&amp#27;[0m
00:15:53.202 [main] DEBUG net.thucydides.core.steps.StepInterceptor - STARTING STEP: AllSteps.iSeeThePostThatIWantToAddAComment - I see the post that i want to add a comment
I see the post that i want to add a comment
00:15:53.203 [main] DEBUG net.thucydides.core.steps.StepInterceptor - STEP DONE: I see the post that i want to add a comment
  &amp#27;[32mWhen &amp#27;[0m&amp#27;[32mI see the post that i want to add a comment&amp#27;[0m &amp#27;[90m# starter.stepdefinitions.AllSteps.iSeeThePostThatIWantToAddAComment()&amp#27;[0m
00:15:53.205 [main] DEBUG net.thucydides.core.steps.StepInterceptor - STARTING STEP: AllSteps.iClickIconCommentInThatPosts - I click icon comment in that posts
I click icon comment in that posts
00:15:53.205 [main] DEBUG net.thucydides.core.steps.StepInterceptor - STEP DONE: I click icon comment in that posts
  &amp#27;[32mAnd &amp#27;[0m&amp#27;[32mI click icon comment in that posts&amp#27;[0m           &amp#27;[90m# starter.stepdefinitions.AllSteps.iClickIconCommentInThatPosts()&amp#27;[0m
00:15:53.207 [main] DEBUG net.thucydides.core.steps.StepInterceptor - STARTING STEP: AllSteps.iWriteTheComment - I write the comment
I write the comment
00:15:53.207 [main] DEBUG net.thucydides.core.steps.StepInterceptor - STEP DONE: I write the comment
  &amp#27;[32mAnd &amp#27;[0m&amp#27;[32mI write the comment&amp#27;[0m                          &amp#27;[90m# starter.stepdefinitions.AllSteps.iWriteTheComment()&amp#27;[0m
00:15:53.209 [main] DEBUG net.thucydides.core.steps.StepInterceptor - STARTING STEP: AllSteps.iClickButtonPost - I click button post
I click button post
00:15:53.209 [main] DEBUG net.thucydides.core.steps.StepInterceptor - STEP DONE: I click button post
  &amp#27;[32mAnd &amp#27;[0m&amp#27;[32mI click button post&amp#27;[0m                          &amp#27;[90m# starter.stepdefinitions.AllSteps.iClickButtonPost()&amp#27;[0m
00:15:53.211 [main] DEBUG net.thucydides.core.steps.StepInterceptor - STARTING STEP: AllSteps.theCommentHasBeenAddedSuccessfully - the comment has been added successfully
the comment has been added successfully
00:15:53.211 [main] DEBUG net.thucydides.core.steps.StepInterceptor - STEP DONE: the comment has been added successfully
  &amp#27;[32mThen &amp#27;[0m&amp#27;[32mthe comment has been added successfully&amp#27;[0m     &amp#27;[90m# starter.stepdefinitions.AllSteps.theCommentHasBeenAddedSuccessfully()&amp#27;[0m
00:15:53.212 [main] INFO  - 
  _____   ___   ___   _____     ___     _     ___   ___   ___   ___  
 |_   _| | __| / __| |_   _|   | _ \   /_\   / __| / __| | __| |   \ 
   | |   | _|  \__ \   | |     |  _/  / _ \  \__ \ \__ \ | _|  | |) |
   |_|   |___| |___/   |_|     |_|   /_/ \_\ |___/ |___/ |___| |___/ 

As a User I can comment Posts
----------------------------------------------------------------------
]]></system-out>
  </testcase>
  <testcase name="As a User I can reposted the Posts with add my opinion" classname="ReactionPost" time="0.037">
    <system-out><![CDATA[
Scenario: As a User I can reposted the Posts with add my opinion &amp#27;[90m# src/test/resources/features/ReactionPost.feature:22&amp#27;[0m
00:15:53.219 [main] INFO io.cucumber.core.plugin.SerenityReporter - Running feature from file:///D:/Maven/Project/Soal%20Prioritas%201%20-%20Linkedin/src/test/resources/features/ReactionPost.feature
00:15:53.221 [main] INFO  - 
  _____   ___   ___   _____     ___   _____     _     ___   _____   ___   ___  
 |_   _| | __| / __| |_   _|   / __| |_   _|   /_\   | _ \ |_   _| | __| |   \ 
   | |   | _|  \__ \   | |     \__ \   | |    / _ \  |   /   | |   | _|  | |) |
   |_|   |___| |___/   |_|     |___/   |_|   /_/ \_\ |_|_\   |_|   |___| |___/ 

As a User I can reposted the Posts with add my opinion(reactionpost;as-a-user-i-can-reposted-the-posts-with-add-my-opinion)
--------------------------------------------------------------------------------
00:15:53.231 [main] DEBUG net.thucydides.core.steps.StepInterceptor - STARTING STEP: AllSteps.iAmOnTheLinkedInHomepage - User on the LinkedIn home page
I am on the LinkedIn home page
00:15:53.231 [main] DEBUG net.thucydides.core.steps.StepInterceptor - STEP DONE: User on the LinkedIn home page
  &amp#27;[32mGiven &amp#27;[0m&amp#27;[32mI am on the LinkedIn homepage&amp#27;[0m                            &amp#27;[90m# starter.stepdefinitions.AllSteps.iAmOnTheLinkedInHomepage()&amp#27;[0m
00:15:53.234 [main] DEBUG net.thucydides.core.steps.StepInterceptor - STARTING STEP: AllSteps.iSeeThePostThatIWantToRepostIt - I see the post that i want to repost it
I see the post that i want to repost it
00:15:53.234 [main] DEBUG net.thucydides.core.steps.StepInterceptor - STEP DONE: I see the post that i want to repost it
  &amp#27;[32mWhen &amp#27;[0m&amp#27;[32mI see the post that i want to repost it&amp#27;[0m                   &amp#27;[90m# starter.stepdefinitions.AllSteps.iSeeThePostThatIWantToRepostIt()&amp#27;[0m
00:15:53.237 [main] DEBUG net.thucydides.core.steps.StepInterceptor - STARTING STEP: AllSteps.iClickIconRepostInThatPosts - I click icon repost in that posts
I click icon repost in that posts
00:15:53.238 [main] DEBUG net.thucydides.core.steps.StepInterceptor - STEP DONE: I click icon repost in that posts
  &amp#27;[32mAnd &amp#27;[0m&amp#27;[32mI click icon repost in that posts&amp#27;[0m                          &amp#27;[90m# starter.stepdefinitions.AllSteps.iClickIconRepostInThatPosts()&amp#27;[0m
00:15:53.240 [main] DEBUG net.thucydides.core.steps.StepInterceptor - STARTING STEP: AllSteps.iSelectRepostWithMyThought - I select repost with my thought
I select repost with my thought
00:15:53.241 [main] DEBUG net.thucydides.core.steps.StepInterceptor - STEP DONE: I select repost with my thought
  &amp#27;[32mAnd &amp#27;[0m&amp#27;[32mI select repost with my thought&amp#27;[0m                            &amp#27;[90m# starter.stepdefinitions.AllSteps.iSelectRepostWithMyThought()&amp#27;[0m
00:15:53.243 [main] DEBUG net.thucydides.core.steps.StepInterceptor - STARTING STEP: AllSteps.iWriteIAgreeAboutThisOne - I write I Agree about this one
I write I Agree about this one
00:15:53.243 [main] DEBUG net.thucydides.core.steps.StepInterceptor - STEP DONE: I write I Agree about this one
  &amp#27;[32mAnd &amp#27;[0m&amp#27;[32mI write I Agree about this one&amp#27;[0m                             &amp#27;[90m# starter.stepdefinitions.AllSteps.iWriteIAgreeAboutThisOne()&amp#27;[0m
00:15:53.246 [main] DEBUG net.thucydides.core.steps.StepInterceptor - STARTING STEP: AllSteps.iClickButtonPost - I click button post
I click button post
00:15:53.246 [main] DEBUG net.thucydides.core.steps.StepInterceptor - STEP DONE: I click button post
  &amp#27;[32mAnd &amp#27;[0m&amp#27;[32mI click button post&amp#27;[0m                                        &amp#27;[90m# starter.stepdefinitions.AllSteps.iClickButtonPost()&amp#27;[0m
00:15:53.248 [main] DEBUG net.thucydides.core.steps.StepInterceptor - STARTING STEP: AllSteps.theRepostPostHasBeenReposted - the repost post has been reposted
the repost post has been reposted
00:15:53.248 [main] DEBUG net.thucydides.core.steps.StepInterceptor - STEP DONE: the repost post has been reposted
  &amp#27;[32mThen &amp#27;[0m&amp#27;[32mthe repost post has been reposted&amp#27;[0m                         &amp#27;[90m# starter.stepdefinitions.AllSteps.theRepostPostHasBeenReposted()&amp#27;[0m
00:15:53.249 [main] INFO  - 
  _____   ___   ___   _____     ___     _     ___   ___   ___   ___  
 |_   _| | __| / __| |_   _|   | _ \   /_\   / __| / __| | __| |   \ 
   | |   | _|  \__ \   | |     |  _/  / _ \  \__ \ \__ \ | _|  | |) |
   |_|   |___| |___/   |_|     |_|   /_/ \_\ |___/ |___/ |___| |___/ 

As a User I can reposted the Posts with add my opinion
----------------------------------------------------------------------
]]></system-out>
  </testcase>
  <testcase name="As a User I can reposted the Posts with instant repost" classname="ReactionPost" time="0.029">
    <system-out><![CDATA[
Scenario: As a User I can reposted the Posts with instant repost &amp#27;[90m# src/test/resources/features/ReactionPost.feature:30&amp#27;[0m
00:15:53.257 [main] INFO io.cucumber.core.plugin.SerenityReporter - Running feature from file:///D:/Maven/Project/Soal%20Prioritas%201%20-%20Linkedin/src/test/resources/features/ReactionPost.feature
00:15:53.259 [main] INFO  - 
  _____   ___   ___   _____     ___   _____     _     ___   _____   ___   ___  
 |_   _| | __| / __| |_   _|   / __| |_   _|   /_\   | _ \ |_   _| | __| |   \ 
   | |   | _|  \__ \   | |     \__ \   | |    / _ \  |   /   | |   | _|  | |) |
   |_|   |___| |___/   |_|     |___/   |_|   /_/ \_\ |_|_\   |_|   |___| |___/ 

As a User I can reposted the Posts with instant repost(reactionpost;as-a-user-i-can-reposted-the-posts-with-instant-repost)
--------------------------------------------------------------------------------
00:15:53.267 [main] DEBUG net.thucydides.core.steps.StepInterceptor - STARTING STEP: AllSteps.iAmOnTheLinkedInHomepage - User on the LinkedIn home page
I am on the LinkedIn home page
00:15:53.268 [main] DEBUG net.thucydides.core.steps.StepInterceptor - STEP DONE: User on the LinkedIn home page
  &amp#27;[32mGiven &amp#27;[0m&amp#27;[32mI am on the LinkedIn homepage&amp#27;[0m                            &amp#27;[90m# starter.stepdefinitions.AllSteps.iAmOnTheLinkedInHomepage()&amp#27;[0m
00:15:53.271 [main] DEBUG net.thucydides.core.steps.StepInterceptor - STARTING STEP: AllSteps.iSeeThePostThatIWantToRepostIt - I see the post that i want to repost it
I see the post that i want to repost it
00:15:53.271 [main] DEBUG net.thucydides.core.steps.StepInterceptor - STEP DONE: I see the post that i want to repost it
  &amp#27;[32mWhen &amp#27;[0m&amp#27;[32mI see the post that i want to repost it&amp#27;[0m                   &amp#27;[90m# starter.stepdefinitions.AllSteps.iSeeThePostThatIWantToRepostIt()&amp#27;[0m
00:15:53.273 [main] DEBUG net.thucydides.core.steps.StepInterceptor - STARTING STEP: AllSteps.iClickIconRepostInThatPosts - I click icon repost in that posts
I click icon repost in that posts
00:15:53.273 [main] DEBUG net.thucydides.core.steps.StepInterceptor - STEP DONE: I click icon repost in that posts
  &amp#27;[32mAnd &amp#27;[0m&amp#27;[32mI click icon repost in that posts&amp#27;[0m                          &amp#27;[90m# starter.stepdefinitions.AllSteps.iClickIconRepostInThatPosts()&amp#27;[0m
00:15:53.274 [main] DEBUG net.thucydides.core.steps.StepInterceptor - STARTING STEP: AllSteps.iSelectRepostWithInstant - I select repost with instant
I select repost with instant
00:15:53.274 [main] DEBUG net.thucydides.core.steps.StepInterceptor - STEP DONE: I select repost with instant
  &amp#27;[32mAnd &amp#27;[0m&amp#27;[32mI select repost with instant&amp#27;[0m                               &amp#27;[90m# starter.stepdefinitions.AllSteps.iSelectRepostWithInstant()&amp#27;[0m
00:15:53.277 [main] DEBUG net.thucydides.core.steps.StepInterceptor - STARTING STEP: AllSteps.theRepostPostHasBeenRepostedSuccessfully - the repost post has been reposted successfully
the repost post has been reposted successfully
00:15:53.277 [main] DEBUG net.thucydides.core.steps.StepInterceptor - STEP DONE: the repost post has been reposted successfully
  &amp#27;[32mThen &amp#27;[0m&amp#27;[32mthe repost post has been reposted successfully&amp#27;[0m            &amp#27;[90m# starter.stepdefinitions.AllSteps.theRepostPostHasBeenRepostedSuccessfully()&amp#27;[0m
00:15:53.278 [main] INFO  - 
  _____   ___   ___   _____     ___     _     ___   ___   ___   ___  
 |_   _| | __| / __| |_   _|   | _ \   /_\   / __| / __| | __| |   \ 
   | |   | _|  \__ \   | |     |  _/  / _ \  \__ \ \__ \ | _|  | |) |
   |_|   |___| |___/   |_|     |_|   /_/ \_\ |___/ |___/ |___| |___/ 

As a User I can reposted the Posts with instant repost
----------------------------------------------------------------------
]]></system-out>
  </testcase>
  <testcase name="As a User I can Scroll Up to the newest Posts" classname="ScrollUp" time="0.033">
    <system-out><![CDATA[00:15:53.279 [main] INFO io.cucumber.core.plugin.SerenityReporter - Running feature from file:///D:/Maven/Project/Soal%20Prioritas%201%20-%20Linkedin/src/test/resources/features/ScrollUp.feature
00:15:53.281 [main] DEBUG net.thucydides.core.steps.StepEventBus - Test suite started for story net.thucydides.core.model.Story@7478c848
00:15:53.281 [main] INFO  - Test Suite Started: Scroll up

Scenario: As a User I can Scroll Up to the newest Posts &amp#27;[90m# src/test/resources/features/ScrollUp.feature:10&amp#27;[0m
00:15:53.289 [main] INFO io.cucumber.core.plugin.SerenityReporter - Running feature from file:///D:/Maven/Project/Soal%20Prioritas%201%20-%20Linkedin/src/test/resources/features/ScrollUp.feature
00:15:53.292 [main] INFO  - 
  _____   ___   ___   _____     ___   _____     _     ___   _____   ___   ___  
 |_   _| | __| / __| |_   _|   / __| |_   _|   /_\   | _ \ |_   _| | __| |   \ 
   | |   | _|  \__ \   | |     \__ \   | |    / _ \  |   /   | |   | _|  | |) |
   |_|   |___| |___/   |_|     |___/   |_|   /_/ \_\ |_|_\   |_|   |___| |___/ 

As a User I can Scroll Up to the newest Posts(scrollup;as-a-user-i-can-scroll-up-to-the-newest-posts)
--------------------------------------------------------------------------------
00:15:53.304 [main] DEBUG net.thucydides.core.steps.StepInterceptor - STARTING STEP: AllSteps.iAmOnTheLinkedInHomepage - User on the LinkedIn home page
I am on the LinkedIn home page
00:15:53.304 [main] DEBUG net.thucydides.core.steps.StepInterceptor - STEP DONE: User on the LinkedIn home page
  &amp#27;[32mGiven &amp#27;[0m&amp#27;[32mI am on the LinkedIn homepage&amp#27;[0m                   &amp#27;[90m# starter.stepdefinitions.AllSteps.iAmOnTheLinkedInHomepage()&amp#27;[0m
00:15:53.307 [main] DEBUG net.thucydides.core.steps.StepInterceptor - STARTING STEP: AllSteps.iSeeTheButtonNewPost - I see the button new post
I see the button new post
00:15:53.307 [main] DEBUG net.thucydides.core.steps.StepInterceptor - STEP DONE: I see the button new post
  &amp#27;[32mWhen &amp#27;[0m&amp#27;[32mI see the button new post&amp#27;[0m                        &amp#27;[90m# starter.stepdefinitions.AllSteps.iSeeTheButtonNewPost()&amp#27;[0m
00:15:53.310 [main] DEBUG net.thucydides.core.steps.StepInterceptor - STARTING STEP: AllSteps.iClickTheButtonNewPost - I click the button new post
I click the button new post
00:15:53.310 [main] DEBUG net.thucydides.core.steps.StepInterceptor - STEP DONE: I click the button new post
  &amp#27;[32mAnd &amp#27;[0m&amp#27;[32mI click the button new post&amp#27;[0m                       &amp#27;[90m# starter.stepdefinitions.AllSteps.iClickTheButtonNewPost()&amp#27;[0m
00:15:53.312 [main] DEBUG net.thucydides.core.steps.StepInterceptor - STARTING STEP: AllSteps.iRedirectToTheNewestPost - I redirect to the newest post
I redirect to the newest post
00:15:53.312 [main] DEBUG net.thucydides.core.steps.StepInterceptor - STEP DONE: I redirect to the newest post
  &amp#27;[32mThen &amp#27;[0m&amp#27;[32mI redirect to the newest post&amp#27;[0m                    &amp#27;[90m# starter.stepdefinitions.AllSteps.iRedirectToTheNewestPost()&amp#27;[0m
00:15:53.313 [main] INFO  - 
  _____   ___   ___   _____     ___     _     ___   ___   ___   ___  
 |_   _| | __| / __| |_   _|   | _ \   /_\   / __| / __| | __| |   \ 
   | |   | _|  \__ \   | |     |  _/  / _ \  \__ \ \__ \ | _|  | |) |
   |_|   |___| |___/   |_|     |_|   /_/ \_\ |___/ |___/ |___| |___/ 

As a User I can Scroll Up to the newest Posts
----------------------------------------------------------------------
]]></system-out>
  </testcase>
  <testcase name="As a User I can Sort a Posts by the newest" classname="SortBy" time="0.023">
    <system-out><![CDATA[00:15:53.315 [main] INFO io.cucumber.core.plugin.SerenityReporter - Running feature from file:///D:/Maven/Project/Soal%20Prioritas%201%20-%20Linkedin/src/test/resources/features/SortBy.feature
00:15:53.315 [main] DEBUG net.thucydides.core.steps.StepEventBus - Test suite started for story net.thucydides.core.model.Story@91283ce8
00:15:53.315 [main] INFO  - Test Suite Started: Sort by

Scenario: As a User I can Sort a Posts by the newest &amp#27;[90m# src/test/resources/features/SortBy.feature:10&amp#27;[0m
00:15:53.322 [main] INFO io.cucumber.core.plugin.SerenityReporter - Running feature from file:///D:/Maven/Project/Soal%20Prioritas%201%20-%20Linkedin/src/test/resources/features/SortBy.feature
00:15:53.323 [main] INFO  - 
  _____   ___   ___   _____     ___   _____     _     ___   _____   ___   ___  
 |_   _| | __| / __| |_   _|   / __| |_   _|   /_\   | _ \ |_   _| | __| |   \ 
   | |   | _|  \__ \   | |     \__ \   | |    / _ \  |   /   | |   | _|  | |) |
   |_|   |___| |___/   |_|     |___/   |_|   /_/ \_\ |_|_\   |_|   |___| |___/ 

As a User I can Sort a Posts by the newest(sortby;as-a-user-i-can-sort-a-posts-by-the-newest)
--------------------------------------------------------------------------------
00:15:53.331 [main] DEBUG net.thucydides.core.steps.StepInterceptor - STARTING STEP: AllSteps.iAmOnTheLinkedInHomepage - User on the LinkedIn home page
I am on the LinkedIn home page
00:15:53.331 [main] DEBUG net.thucydides.core.steps.StepInterceptor - STEP DONE: User on the LinkedIn home page
  &amp#27;[32mGiven &amp#27;[0m&amp#27;[32mI am on the LinkedIn homepage&amp#27;[0m                &amp#27;[90m# starter.stepdefinitions.AllSteps.iAmOnTheLinkedInHomepage()&amp#27;[0m
00:15:53.333 [main] DEBUG net.thucydides.core.steps.StepInterceptor - STARTING STEP: AllSteps.iClickTheSortAreaFeature - I click the Sort area feature
I click the Sort area feature
00:15:53.333 [main] DEBUG net.thucydides.core.steps.StepInterceptor - STEP DONE: I click the Sort area feature
  &amp#27;[32mWhen &amp#27;[0m&amp#27;[32mI click the Sort area feature&amp#27;[0m                 &amp#27;[90m# starter.stepdefinitions.AllSteps.iClickTheSortAreaFeature()&amp#27;[0m
00:15:53.335 [main] DEBUG net.thucydides.core.steps.StepInterceptor - STARTING STEP: AllSteps.iSelectTheSortType - I select the sort type
I select the sort type
00:15:53.335 [main] DEBUG net.thucydides.core.steps.StepInterceptor - STEP DONE: I select the sort type
  &amp#27;[32mAnd &amp#27;[0m&amp#27;[32mI select the sort type&amp#27;[0m                         &amp#27;[90m# starter.stepdefinitions.AllSteps.iSelectTheSortType()&amp#27;[0m
00:15:53.337 [main] DEBUG net.thucydides.core.steps.StepInterceptor - STARTING STEP: AllSteps.iChooseSortedByNewest - I choose sorted by newest
I choose sorted by newest
00:15:53.337 [main] DEBUG net.thucydides.core.steps.StepInterceptor - STEP DONE: I choose sorted by newest
  &amp#27;[32mAnd &amp#27;[0m&amp#27;[32mI choose sorted by newest&amp#27;[0m                      &amp#27;[90m# starter.stepdefinitions.AllSteps.iChooseSortedByNewest()&amp#27;[0m
00:15:53.339 [main] DEBUG net.thucydides.core.steps.StepInterceptor - STARTING STEP: AllSteps.iRedirectToTheTopOfNewestPost - I redirect to the top of newest post
I redirect to the top of newest post
00:15:53.339 [main] DEBUG net.thucydides.core.steps.StepInterceptor - STEP DONE: I redirect to the top of newest post
  &amp#27;[32mThen &amp#27;[0m&amp#27;[32mI redirect to the top of newest post&amp#27;[0m          &amp#27;[90m# starter.stepdefinitions.AllSteps.iRedirectToTheTopOfNewestPost()&amp#27;[0m
00:15:53.340 [main] INFO  - 
  _____   ___   ___   _____     ___     _     ___   ___   ___   ___  
 |_   _| | __| / __| |_   _|   | _ \   /_\   / __| / __| | __| |   \ 
   | |   | _|  \__ \   | |     |  _/  / _ \  \__ \ \__ \ | _|  | |) |
   |_|   |___| |___/   |_|     |_|   /_/ \_\ |___/ |___/ |___| |___/ 

As a User I can Sort a Posts by the newest
----------------------------------------------------------------------
]]></system-out>
  </testcase>
  <testcase name="As a User I can Sort a Posts by the most popular" classname="SortBy" time="0.026">
    <system-out><![CDATA[
Scenario: As a User I can Sort a Posts by the most popular &amp#27;[90m# src/test/resources/features/SortBy.feature:16&amp#27;[0m
00:15:53.347 [main] INFO io.cucumber.core.plugin.SerenityReporter - Running feature from file:///D:/Maven/Project/Soal%20Prioritas%201%20-%20Linkedin/src/test/resources/features/SortBy.feature
00:15:53.348 [main] INFO  - 
  _____   ___   ___   _____     ___   _____     _     ___   _____   ___   ___  
 |_   _| | __| / __| |_   _|   / __| |_   _|   /_\   | _ \ |_   _| | __| |   \ 
   | |   | _|  \__ \   | |     \__ \   | |    / _ \  |   /   | |   | _|  | |) |
   |_|   |___| |___/   |_|     |___/   |_|   /_/ \_\ |_|_\   |_|   |___| |___/ 

As a User I can Sort a Posts by the most popular(sortby;as-a-user-i-can-sort-a-posts-by-the-most-popular)
--------------------------------------------------------------------------------
00:15:53.357 [main] DEBUG net.thucydides.core.steps.StepInterceptor - STARTING STEP: AllSteps.iAmOnTheLinkedInHomepage - User on the LinkedIn home page
I am on the LinkedIn home page
00:15:53.358 [main] DEBUG net.thucydides.core.steps.StepInterceptor - STEP DONE: User on the LinkedIn home page
  &amp#27;[32mGiven &amp#27;[0m&amp#27;[32mI am on the LinkedIn homepage&amp#27;[0m                      &amp#27;[90m# starter.stepdefinitions.AllSteps.iAmOnTheLinkedInHomepage()&amp#27;[0m
00:15:53.360 [main] DEBUG net.thucydides.core.steps.StepInterceptor - STARTING STEP: AllSteps.iClickTheSortAreaFeature - I click the Sort area feature
I click the Sort area feature
00:15:53.360 [main] DEBUG net.thucydides.core.steps.StepInterceptor - STEP DONE: I click the Sort area feature
  &amp#27;[32mWhen &amp#27;[0m&amp#27;[32mI click the Sort area feature&amp#27;[0m                       &amp#27;[90m# starter.stepdefinitions.AllSteps.iClickTheSortAreaFeature()&amp#27;[0m
00:15:53.362 [main] DEBUG net.thucydides.core.steps.StepInterceptor - STARTING STEP: AllSteps.iSelectTheSortType - I select the sort type
I select the sort type
00:15:53.362 [main] DEBUG net.thucydides.core.steps.StepInterceptor - STEP DONE: I select the sort type
  &amp#27;[32mAnd &amp#27;[0m&amp#27;[32mI select the sort type&amp#27;[0m                               &amp#27;[90m# starter.stepdefinitions.AllSteps.iSelectTheSortType()&amp#27;[0m
00:15:53.364 [main] DEBUG net.thucydides.core.steps.StepInterceptor - STARTING STEP: AllSteps.iChooseSortedByMostPopular - I choose sorted by most popular
I choose sorted by most popular
00:15:53.364 [main] DEBUG net.thucydides.core.steps.StepInterceptor - STEP DONE: I choose sorted by most popular
  &amp#27;[32mAnd &amp#27;[0m&amp#27;[32mI choose sorted by most popular&amp#27;[0m                      &amp#27;[90m# starter.stepdefinitions.AllSteps.iChooseSortedByMostPopular()&amp#27;[0m
00:15:53.365 [main] DEBUG net.thucydides.core.steps.StepInterceptor - STARTING STEP: AllSteps.iRedirectToTheTopOfMostPopularPost - I redirect to the top of most popular post
I redirect to the top of most popular post
00:15:53.366 [main] DEBUG net.thucydides.core.steps.StepInterceptor - STEP DONE: I redirect to the top of most popular post
  &amp#27;[32mThen &amp#27;[0m&amp#27;[32mI redirect to the top of most popular post&amp#27;[0m          &amp#27;[90m# starter.stepdefinitions.AllSteps.iRedirectToTheTopOfMostPopularPost()&amp#27;[0m
00:15:53.366 [main] INFO  - 
  _____   ___   ___   _____     ___     _     ___   ___   ___   ___  
 |_   _| | __| / __| |_   _|   | _ \   /_\   / __| / __| | __| |   \ 
   | |   | _|  \__ \   | |     |  _/  / _ \  \__ \ \__ \ | _|  | |) |
   |_|   |___| |___/   |_|     |_|   /_/ \_\ |___/ |___/ |___| |___/ 

As a User I can Sort a Posts by the most popular
----------------------------------------------------------------------
]]></system-out>
  </testcase>
</testsuite>